#
# A fatal error has been detected by the Java Runtime Environment:
#
#  EXCEPTION_ACCESS_VIOLATION (0xc0000005) at pc=0x00007ffec08bd266, pid=10032, tid=7744
#
# JRE version: OpenJDK Runtime Environment (11.0.11+9) (build 11.0.11+9-b60-7590822)
# Java VM: OpenJDK 64-Bit Server VM (11.0.11+9-b60-7590822, mixed mode, tiered, compressed oops, g1 gc, windows-amd64)
# Problematic frame:
# V  [jvm.dll+0x18d266]
#
# No core dump will be written. Minidumps are not enabled by default on client versions of Windows
#
# If you would like to submit a bug report, please visit:
#   https://bugreport.java.com/bugreport/crash.jsp
#

---------------  S U M M A R Y ------------

Command Line: --add-opens=java.base/java.util=ALL-UNNAMED --add-opens=java.base/java.lang=ALL-UNNAMED --add-opens=java.base/java.lang.invoke=ALL-UNNAMED --add-opens=java.base/java.util=ALL-UNNAMED --add-opens=java.prefs/java.util.prefs=ALL-UNNAMED --add-opens=java.prefs/java.util.prefs=ALL-UNNAMED --add-opens=java.base/java.nio.charset=ALL-UNNAMED --add-opens=java.base/java.net=ALL-UNNAMED --add-opens=java.base/java.util.concurrent.atomic=ALL-UNNAMED -Xmx2048m -Dfile.encoding=UTF-8 -Duser.country=US -Duser.language=en -Duser.variant org.gradle.launcher.daemon.bootstrap.GradleDaemon 7.2

Host: Intel(R) Core(TM) i5-4200U CPU @ 1.60GHz, 4 cores, 7G,  Windows 10 , 64 bit Build 19041 (10.0.19041.1645)
Time: Fri Apr 29 20:16:42 2022 India Standard Time elapsed time: 1728.281829 seconds (0d 0h 28m 48s)

---------------  T H R E A D  ---------------

Current thread (0x000001fc9b837800):  ConcurrentGCThread "G1 Conc#0" [stack: 0x000000f04a100000,0x000000f04a200000] [id=7744]

Stack: [0x000000f04a100000,0x000000f04a200000],  sp=0x000000f04a1ff4b8,  free space=1021k
Native frames: (J=compiled Java code, j=interpreted, Vv=VM code, C=native code)
V  [jvm.dll+0x18d266]


siginfo: EXCEPTION_ACCESS_VIOLATION (0xc0000005), reading address 0x0000000101f28e88


Register to memory mapping:

RIP=0x00007ffec08bd266 jvm.dll
RAX=0x0000008421009201 is an unknown value
RBX=
[error occurred during error reporting (printing register info), id 0xc0000005, EXCEPTION_ACCESS_VIOLATION (0xc0000005) at pc=0x00007ffec08bd266]

Registers:
RAX=0x0000008421009201, RBX=0x00000000846f00d8, RCX=0x00000000846f00d8, RDX=0x00000000846f00d8
RSP=0x000000f04a1ff4b8, RBP=0x000001fc9b82c900, RSI=0x0000000000000001, RDI=0x0000000000000000
R8 =0x0000008421009200, R9 =0x0000000101f28e80, R10=0x000001fc9b82c900, R11=0x000001fcb1530000
R12=0x000000000000000c, R13=0xaaaaaaaaaaaaaaab, R14=0x0000000000000000, R15=0x00000000846f00c0
RIP=0x00007ffec08bd266, EFLAGS=0x0000000000010202

Top of Stack: (sp=0x000000f04a1ff4b8)
0x000000f04a1ff4b8:   00007ffec0a0b2fa 00000000846f00d8
0x000000f04a1ff4c8:   0000000100f0f8e0 00000000846ef970
0x000000f04a1ff4d8:   000000f04a1ff6c8 0000000100f0f8e8
0x000000f04a1ff4e8:   00007ffec0a0b1a6 0000000100f0f8e0
0x000000f04a1ff4f8:   00000000846f00d8 000001fc9b839820
0x000000f04a1ff508:   000000f04a1ff6c8 0000000000000000
0x000000f04a1ff518:   000000f04a1ff6c8 00000000846f00d8
0x000000f04a1ff528:   00007ffec0a0303d 0000000000000003
0x000000f04a1ff538:   00000000846f00d0 000001fc9b839820
0x000000f04a1ff548:   00007ffec0d1c0cc 000000f04a1ff6a0
0x000000f04a1ff558:   000001fc9b838201 0000000100f0f678
0x000000f04a1ff568:   00007ffec0a028f1 0000000000000003
0x000000f04a1ff578:   000000f04a1ff6c8 00000000846f00c0
0x000000f04a1ff588:   0000000000000000 00000000846f00c0
0x000000f04a1ff598:   00007ffec0a10cdf 000001fc9b839820
0x000000f04a1ff5a8:   00000000008e0000 000000f04a1ff6a0 

Instructions: (pc=0x00007ffec08bd266)
0x00007ffec08bd166:   82 00 48 d3 e0 48 03 05 1e 6b 82 00 eb 04 48 8b
0x00007ffec08bd176:   43 08 81 78 08 00 00 00 c0 73 7d 48 8b 4f 38 48
0x00007ffec08bd186:   8b d3 48 8b 01 ff 50 20 84 c0 75 6c 38 05 e0 f6
0x00007ffec08bd196:   86 00 74 15 8b 53 08 8b 0d f5 6a 82 00 48 d3 e2
0x00007ffec08bd1a6:   48 03 15 e3 6a 82 00 eb 04 48 8b 53 08 48 8b cb
0x00007ffec08bd1b6:   48 89 5c 24 20 e8 a0 00 00 00 80 7f 30 00 48 63
0x00007ffec08bd1c6:   c8 48 89 4c 24 28 0f 28 44 24 20 74 17 0f 11 86
0x00007ffec08bd1d6:   98 03 00 00 48 8b 5c 24 40 48 8b 74 24 48 48 83
0x00007ffec08bd1e6:   c4 30 5f c3 48 8b 07 48 8d 54 24 20 48 8b cf 66
0x00007ffec08bd1f6:   0f 7f 44 24 20 ff 50 38 48 8b 5c 24 40 48 8b 74
0x00007ffec08bd206:   24 48 48 83 c4 30 5f c3 cc cc 48 8b 49 38 48 8b
0x00007ffec08bd216:   01 48 ff 60 28 cc cc cc cc cc 80 3d 51 f6 86 00
0x00007ffec08bd226:   00 48 8b c1 74 1b 8b 51 08 8b 0d 63 6a 82 00 48
0x00007ffec08bd236:   d3 e2 48 8b c8 48 03 15 4e 6a 82 00 e9 19 00 00
0x00007ffec08bd246:   00 48 8b 51 08 48 8b c8 e9 0d 00 00 00 cc cc cc
0x00007ffec08bd256:   cc cc cc cc cc cc cc cc cc cc 4c 8b ca 48 8b d1
0x00007ffec08bd266:   45 8b 41 08 45 85 c0 7e 0e 41 f6 c0 01 75 59 41
0x00007ffec08bd276:   c1 f8 03 41 8b c0 c3 79 4f 80 3d f2 f5 86 00 00
0x00007ffec08bd286:   b8 0c 00 00 00 b9 10 00 00 00 0f 45 c8 8b 05 2b
0x00007ffec08bd296:   b4 80 00 ff c8 4c 63 c8 48 63 c1 41 8b c8 83 e1
0x00007ffec08bd2a6:   3f 48 63 14 10 41 8b c0 48 c1 f8 10 0f b6 c0 48
0x00007ffec08bd2b6:   d3 e2 49 8d 0c 11 49 f7 d1 48 03 c1 49 c1 e9 03
0x00007ffec08bd2c6:   48 c1 e8 03 41 23 c1 c3 49 8b 01 49 8b c9 48 ff
0x00007ffec08bd2d6:   a0 10 01 00 00 cc cc cc cc cc 48 83 ec 38 0f 10
0x00007ffec08bd2e6:   02 48 8b 49 38 48 8d 54 24 20 0f 29 44 24 20 e8
0x00007ffec08bd2f6:   66 f0 ff ff 48 83 c4 38 c3 cc 48 89 5c 24 08 55
0x00007ffec08bd306:   56 57 41 54 41 55 41 56 41 57 48 8d 6c 24 e0 48
0x00007ffec08bd316:   81 ec 20 01 00 00 48 8b 05 1d ef 83 00 48 33 c4
0x00007ffec08bd326:   48 89 45 10 48 8b 05 5f 60 86 00 45 33 ed 4c 8b
0x00007ffec08bd336:   b5 80 00 00 00 4c 8b fa 48 8b bd 88 00 00 00 4d
0x00007ffec08bd346:   8b c6 49 8b d6 49 8b f1 48 8b 48 38 48 8b 59 48
0x00007ffec08bd356:   49 8b cf c7 45 c0 ff ff ff ff 44 89 6d d4 4c 89 


Stack slot to memory mapping:
stack at sp + 0 slots: 0x00007ffec0a0b2fa jvm.dll
stack at sp + 1 slots: 
[error occurred during error reporting (inspecting top of stack), id 0xc0000005, EXCEPTION_ACCESS_VIOLATION (0xc0000005) at pc=0x00007ffec08bd266]


---------------  P R O C E S S  ---------------

Threads class SMR info:
_java_thread_list=0x000001fcc029ae00, length=90, elements={
0x000001fc9b7ec800, 0x000001fcb5b72800, 0x000001fcb5b75800, 0x000001fcb5b8f800,
0x000001fcb5b90800, 0x000001fcb5b92800, 0x000001fcb5b99000, 0x000001fcb5b9a000,
0x000001fcb5ba7800, 0x000001fcb6659000, 0x000001fcb846a000, 0x000001fcb99e3800,
0x000001fcb7f9c800, 0x000001fcb878d800, 0x000001fcb878f800, 0x000001fcb878c000,
0x000001fcb878a800, 0x000001fcb8790000, 0x000001fcba128800, 0x000001fcba12c000,
0x000001fcba127000, 0x000001fcba12a000, 0x000001fcba12f000, 0x000001fcbc26f000,
0x000001fcbc269000, 0x000001fcbd755000, 0x000001fcba133000, 0x000001fcba12b000,
0x000001fcba12c800, 0x000001fcba127800, 0x000001fcba12e000, 0x000001fcba130000,
0x000001fcba130800, 0x000001fcba135000, 0x000001fcba134000, 0x000001fcba132800,
0x000001fcba135800, 0x000001fcb9ace800, 0x000001fcb9acc800, 0x000001fcb9acf000,
0x000001fcb9acd800, 0x000001fcb9ad0000, 0x000001fcb9ad1000, 0x000001fcb9acb000,
0x000001fcb9ad3800, 0x000001fcb9ad7800, 0x000001fcb9ad4000, 0x000001fcb9ad6800,
0x000001fcb9ad5000, 0x000001fcb9ad1800, 0x000001fcb9ad2800, 0x000001fcb9ad5800,
0x000001fcb9ad8000, 0x000001fcb9ad9000, 0x000001fcb9ada000, 0x000001fcbd36c000,
0x000001fcbd36d000, 0x000001fcbd373800, 0x000001fcbd36e000, 0x000001fcbd374800,
0x000001fcbd36e800, 0x000001fcbd36f800, 0x000001fcbd376000, 0x000001fcbd375000,
0x000001fcbd370000, 0x000001fcbd372800, 0x000001fcbd377000, 0x000001fcbd371000,
0x000001fcbd377800, 0x000001fcbd379000, 0x000001fcbd37a000, 0x000001fcbd37b000,
0x000001fcbd756800, 0x000001fcbd751000, 0x000001fcbd757800, 0x000001fcbd754800,
0x000001fcbd752000, 0x000001fcbd758800, 0x000001fcbd752800, 0x000001fcbd75b000,
0x000001fcbd75f000, 0x000001fcbd759000, 0x000001fcbd75f800, 0x000001fcbd75c800,
0x000001fcbd75e000, 0x000001fcbd75d800, 0x000001fcbd75a000, 0x000001fcbd75b800,
0x000001fcbc265000, 0x000001fcbc267800
}

Java Threads: ( => current thread )
  0x000001fc9b7ec800 JavaThread "main" [_thread_blocked, id=3592, stack(0x000000f049e00000,0x000000f049f00000)]
  0x000001fcb5b72800 JavaThread "Reference Handler" daemon [_thread_blocked, id=1972, stack(0x000000f04a500000,0x000000f04a600000)]
  0x000001fcb5b75800 JavaThread "Finalizer" daemon [_thread_blocked, id=4452, stack(0x000000f04a600000,0x000000f04a700000)]
  0x000001fcb5b8f800 JavaThread "Signal Dispatcher" daemon [_thread_blocked, id=5936, stack(0x000000f04a700000,0x000000f04a800000)]
  0x000001fcb5b90800 JavaThread "Attach Listener" daemon [_thread_blocked, id=11328, stack(0x000000f04a800000,0x000000f04a900000)]
  0x000001fcb5b92800 JavaThread "Service Thread" daemon [_thread_blocked, id=11848, stack(0x000000f04a900000,0x000000f04aa00000)]
  0x000001fcb5b99000 JavaThread "C2 CompilerThread0" daemon [_thread_in_native, id=752, stack(0x000000f04aa00000,0x000000f04ab00000)]
  0x000001fcb5b9a000 JavaThread "C1 CompilerThread0" daemon [_thread_blocked, id=3452, stack(0x000000f04ab00000,0x000000f04ac00000)]
  0x000001fcb5ba7800 JavaThread "Sweeper thread" daemon [_thread_blocked, id=7272, stack(0x000000f04ac00000,0x000000f04ad00000)]
  0x000001fcb6659000 JavaThread "Common-Cleaner" daemon [_thread_blocked, id=4820, stack(0x000000f04ad00000,0x000000f04ae00000)]
  0x000001fcb846a000 JavaThread "Daemon health stats" [_thread_blocked, id=6336, stack(0x000000f04b200000,0x000000f04b300000)]
  0x000001fcb99e3800 JavaThread "Incoming local TCP Connector on port 58543" [_thread_in_native, id=1700, stack(0x000000f04b300000,0x000000f04b400000)]
  0x000001fcb7f9c800 JavaThread "Daemon periodic checks" [_thread_blocked, id=10312, stack(0x000000f04b400000,0x000000f04b500000)]
  0x000001fcb878d800 JavaThread "Cache worker for journal cache (D:\Junaid\Clg_19402\6th_sem\CPE\Project\NavigationDrawerSettings\caches\journal-1)" [_thread_blocked, id=1924, stack(0x000000f04bd00000,0x000000f04be00000)]
  0x000001fcb878f800 JavaThread "File lock request listener" [_thread_in_native, id=4224, stack(0x000000f04be00000,0x000000f04bf00000)]
  0x000001fcb878c000 JavaThread "Cache worker for file hash cache (D:\Junaid\Clg_19402\6th_sem\CPE\Project\NavigationDrawerSettings\caches\7.2\fileHashes)" [_thread_blocked, id=6456, stack(0x000000f04bf00000,0x000000f04c000000)]
  0x000001fcb878a800 JavaThread "File watcher server" daemon [_thread_in_native, id=4468, stack(0x000000f04c100000,0x000000f04c200000)]
  0x000001fcb8790000 JavaThread "File watcher consumer" daemon [_thread_blocked, id=9324, stack(0x000000f04c200000,0x000000f04c300000)]
  0x000001fcba128800 JavaThread "Cache worker for execution history cache (D:\Junaid\Clg_19402\6th_sem\CPE\Project\NavigationDrawerSettings\caches\7.2\executionHistory)" [_thread_blocked, id=7736, stack(0x000000f04c600000,0x000000f04c700000)]
  0x000001fcba12c000 JavaThread "jar transforms" [_thread_blocked, id=2612, stack(0x000000f04c700000,0x000000f04c800000)]
  0x000001fcba127000 JavaThread "Cache worker for file content cache (D:\Junaid\Clg_19402\6th_sem\CPE\Project\NavigationDrawerSettings\caches\7.2\fileContent)" [_thread_blocked, id=9336, stack(0x000000f04c800000,0x000000f04c900000)]
  0x000001fcba12a000 JavaThread "jar transforms Thread 2" [_thread_blocked, id=8028, stack(0x000000f04c900000,0x000000f04ca00000)]
  0x000001fcba12f000 JavaThread "jar transforms Thread 3" [_thread_blocked, id=2828, stack(0x000000f04cb00000,0x000000f04cc00000)]
  0x000001fcbc26f000 JavaThread "jar transforms Thread 4" [_thread_blocked, id=8328, stack(0x000000f04f400000,0x000000f04f500000)]
  0x000001fcbc269000 JavaThread "Memory manager" [_thread_blocked, id=11100, stack(0x000000f04f500000,0x000000f04f600000)]
  0x000001fcbd755000 JavaThread "Cache worker for Java compile cache (D:\Junaid\Clg_19402\6th_sem\CPE\Project\NavigationDrawerSettings\caches\7.2\javaCompile)" [_thread_blocked, id=848, stack(0x000000f04fe00000,0x000000f04ff00000)]
  0x000001fcba133000 JavaThread "ForkJoinPool.commonPool-worker-7" daemon [_thread_blocked, id=7296, stack(0x000000f050600000,0x000000f050700000)]
  0x000001fcba12b000 JavaThread "Daemon Thread 6" [_thread_blocked, id=12052, stack(0x000000f049b00000,0x000000f049c00000)]
  0x000001fcba12c800 JavaThread "Handler for socket connection from /127.0.0.1:58543 to /127.0.0.1:58741" [_thread_in_native, id=12636, stack(0x000000f049c00000,0x000000f049d00000)]
  0x000001fcba127800 JavaThread "Cancel handler" [_thread_blocked, id=7692, stack(0x000000f049d00000,0x000000f049e00000)]
  0x000001fcba12e000 JavaThread "Daemon worker Thread 6" [_thread_in_native, id=6040, stack(0x000000f04af00000,0x000000f04b000000)]
  0x000001fcba130000 JavaThread "Asynchronous log dispatcher for DefaultDaemonConnection: socket connection from /127.0.0.1:58543 to /127.0.0.1:58741" [_thread_blocked, id=1448, stack(0x000000f04b500000,0x000000f04b600000)]
  0x000001fcba130800 JavaThread "Stdin handler" [_thread_blocked, id=10820, stack(0x000000f04b600000,0x000000f04b700000)]
  0x000001fcba135000 JavaThread "Daemon client event forwarder" [_thread_blocked, id=7496, stack(0x000000f04b700000,0x000000f04b800000)]
  0x000001fcba134000 JavaThread "Cache worker for file hash cache (D:\Junaid\Clg_19402\6th_sem\CPE\Project\Firebase1 - Copy\Venato\.gradle\7.2\fileHashes)" [_thread_blocked, id=12976, stack(0x000000f04b800000,0x000000f04b900000)]
  0x000001fcba132800 JavaThread "Cache worker for checksums cache (D:\Junaid\Clg_19402\6th_sem\CPE\Project\Firebase1 - Copy\Venato\.gradle\checksums)" [_thread_blocked, id=9368, stack(0x000000f04b900000,0x000000f04ba00000)]
  0x000001fcba135800 JavaThread "Cache worker for cache directory md-supplier (D:\Junaid\Clg_19402\6th_sem\CPE\Project\NavigationDrawerSettings\caches\7.2\md-supplier)" [_thread_blocked, id=304, stack(0x000000f04ba00000,0x000000f04bb00000)]
  0x000001fcb9ace800 JavaThread "Cache worker for cache directory md-rule (D:\Junaid\Clg_19402\6th_sem\CPE\Project\NavigationDrawerSettings\caches\7.2\md-rule)" [_thread_blocked, id=7412, stack(0x000000f04bb00000,0x000000f04bc00000)]
  0x000001fcb9acc800 JavaThread "Cache worker for dependencies-accessors (D:\Junaid\Clg_19402\6th_sem\CPE\Project\Firebase1 - Copy\Venato\.gradle\7.2\dependencies-accessors)" [_thread_blocked, id=7440, stack(0x000000f04c000000,0x000000f04c100000)]
  0x000001fcb9acf000 JavaThread "Cache worker for Build Output Cleanup Cache (D:\Junaid\Clg_19402\6th_sem\CPE\Project\Firebase1 - Copy\Venato\.gradle\buildOutputCleanup)" [_thread_blocked, id=4676, stack(0x000000f04c300000,0x000000f04c400000)]
  0x000001fcb9acd800 JavaThread "C2 CompilerThread1" daemon [_thread_blocked, id=3964, stack(0x000000f04c400000,0x000000f04c500000)]
  0x000001fcb9ad0000 JavaThread "Unconstrained build operations" [_thread_blocked, id=2712, stack(0x000000f04c500000,0x000000f04c600000)]
  0x000001fcb9ad1000 JavaThread "Unconstrained build operations Thread 2" [_thread_blocked, id=4884, stack(0x000000f04ca00000,0x000000f04cb00000)]
  0x000001fcb9acb000 JavaThread "Unconstrained build operations Thread 3" [_thread_blocked, id=2340, stack(0x000000f04cc00000,0x000000f04cd00000)]
  0x000001fcb9ad3800 JavaThread "Unconstrained build operations Thread 4" [_thread_blocked, id=5860, stack(0x000000f04cd00000,0x000000f04ce00000)]
  0x000001fcb9ad7800 JavaThread "Unconstrained build operations Thread 5" [_thread_blocked, id=8520, stack(0x000000f04ce00000,0x000000f04cf00000)]
  0x000001fcb9ad4000 JavaThread "Unconstrained build operations Thread 6" [_thread_blocked, id=12296, stack(0x000000f04cf00000,0x000000f04d000000)]
  0x000001fcb9ad6800 JavaThread "Unconstrained build operations Thread 7" [_thread_blocked, id=9084, stack(0x000000f04d000000,0x000000f04d100000)]
  0x000001fcb9ad5000 JavaThread "Unconstrained build operations Thread 8" [_thread_blocked, id=6784, stack(0x000000f04d100000,0x000000f04d200000)]
  0x000001fcb9ad1800 JavaThread "Unconstrained build operations Thread 9" [_thread_blocked, id=9884, stack(0x000000f04d200000,0x000000f04d300000)]
  0x000001fcb9ad2800 JavaThread "Unconstrained build operations Thread 10" [_thread_blocked, id=12156, stack(0x000000f04d300000,0x000000f04d400000)]
  0x000001fcb9ad5800 JavaThread "Unconstrained build operations Thread 11" [_thread_blocked, id=13120, stack(0x000000f04d400000,0x000000f04d500000)]
  0x000001fcb9ad8000 JavaThread "Unconstrained build operations Thread 12" [_thread_blocked, id=3280, stack(0x000000f04d500000,0x000000f04d600000)]
  0x000001fcb9ad9000 JavaThread "Unconstrained build operations Thread 13" [_thread_blocked, id=6272, stack(0x000000f04d600000,0x000000f04d700000)]
  0x000001fcb9ada000 JavaThread "Unconstrained build operations Thread 14" [_thread_blocked, id=10836, stack(0x000000f04d700000,0x000000f04d800000)]
  0x000001fcbd36c000 JavaThread "Unconstrained build operations Thread 15" [_thread_blocked, id=12224, stack(0x000000f04d800000,0x000000f04d900000)]
  0x000001fcbd36d000 JavaThread "Unconstrained build operations Thread 16" [_thread_blocked, id=3260, stack(0x000000f04d900000,0x000000f04da00000)]
  0x000001fcbd373800 JavaThread "Unconstrained build operations Thread 17" [_thread_blocked, id=9164, stack(0x000000f04da00000,0x000000f04db00000)]
  0x000001fcbd36e000 JavaThread "Unconstrained build operations Thread 18" [_thread_blocked, id=4804, stack(0x000000f04db00000,0x000000f04dc00000)]
  0x000001fcbd374800 JavaThread "Unconstrained build operations Thread 19" [_thread_blocked, id=1724, stack(0x000000f04dc00000,0x000000f04dd00000)]
  0x000001fcbd36e800 JavaThread "Unconstrained build operations Thread 20" [_thread_blocked, id=7052, stack(0x000000f04dd00000,0x000000f04de00000)]
  0x000001fcbd36f800 JavaThread "Unconstrained build operations Thread 21" [_thread_blocked, id=6048, stack(0x000000f04de00000,0x000000f04df00000)]
  0x000001fcbd376000 JavaThread "Unconstrained build operations Thread 22" [_thread_blocked, id=8752, stack(0x000000f04df00000,0x000000f04e000000)]
  0x000001fcbd375000 JavaThread "Unconstrained build operations Thread 23" [_thread_blocked, id=3868, stack(0x000000f04e000000,0x000000f04e100000)]
  0x000001fcbd370000 JavaThread "Unconstrained build operations Thread 24" [_thread_blocked, id=10600, stack(0x000000f04e100000,0x000000f04e200000)]
  0x000001fcbd372800 JavaThread "Unconstrained build operations Thread 25" [_thread_blocked, id=4972, stack(0x000000f04e200000,0x000000f04e300000)]
  0x000001fcbd377000 JavaThread "Unconstrained build operations Thread 26" [_thread_blocked, id=5692, stack(0x000000f04e300000,0x000000f04e400000)]
  0x000001fcbd371000 JavaThread "Unconstrained build operations Thread 27" [_thread_blocked, id=2168, stack(0x000000f04e400000,0x000000f04e500000)]
  0x000001fcbd377800 JavaThread "Unconstrained build operations Thread 28" [_thread_blocked, id=1156, stack(0x000000f04e500000,0x000000f04e600000)]
  0x000001fcbd379000 JavaThread "Unconstrained build operations Thread 29" [_thread_blocked, id=8288, stack(0x000000f04e600000,0x000000f04e700000)]
  0x000001fcbd37a000 JavaThread "Unconstrained build operations Thread 30" [_thread_blocked, id=7720, stack(0x000000f04e700000,0x000000f04e800000)]
  0x000001fcbd37b000 JavaThread "Unconstrained build operations Thread 31" [_thread_blocked, id=5564, stack(0x000000f04e800000,0x000000f04e900000)]
  0x000001fcbd756800 JavaThread "Unconstrained build operations Thread 32" [_thread_blocked, id=6888, stack(0x000000f04e900000,0x000000f04ea00000)]
  0x000001fcbd751000 JavaThread "Unconstrained build operations Thread 33" [_thread_blocked, id=12300, stack(0x000000f04ea00000,0x000000f04eb00000)]
  0x000001fcbd757800 JavaThread "Unconstrained build operations Thread 34" [_thread_blocked, id=1944, stack(0x000000f04eb00000,0x000000f04ec00000)]
  0x000001fcbd754800 JavaThread "Unconstrained build operations Thread 35" [_thread_blocked, id=6376, stack(0x000000f04ec00000,0x000000f04ed00000)]
  0x000001fcbd752000 JavaThread "Unconstrained build operations Thread 36" [_thread_blocked, id=11760, stack(0x000000f04ed00000,0x000000f04ee00000)]
  0x000001fcbd758800 JavaThread "Unconstrained build operations Thread 37" [_thread_blocked, id=10220, stack(0x000000f04ee00000,0x000000f04ef00000)]
  0x000001fcbd752800 JavaThread "Unconstrained build operations Thread 38" [_thread_blocked, id=3468, stack(0x000000f04ef00000,0x000000f04f000000)]
  0x000001fcbd75b000 JavaThread "Unconstrained build operations Thread 39" [_thread_blocked, id=10972, stack(0x000000f04f000000,0x000000f04f100000)]
  0x000001fcbd75f000 JavaThread "Unconstrained build operations Thread 40" [_thread_blocked, id=4988, stack(0x000000f04f100000,0x000000f04f200000)]
  0x000001fcbd759000 JavaThread "build event listener" [_thread_blocked, id=6444, stack(0x000000f04f200000,0x000000f04f300000)]
  0x000001fcbd75f800 JavaThread "Execution worker for ':'" [_thread_blocked, id=2216, stack(0x000000f04f300000,0x000000f04f400000)]
  0x000001fcbd75c800 JavaThread "Execution worker for ':' Thread 2" [_thread_blocked, id=5020, stack(0x000000f04f600000,0x000000f04f700000)]
  0x000001fcbd75e000 JavaThread "Cache worker for execution history cache (D:\Junaid\Clg_19402\6th_sem\CPE\Project\Firebase1 - Copy\Venato\.gradle\7.2\executionHistory)" [_thread_blocked, id=4464, stack(0x000000f04f700000,0x000000f04f800000)]
  0x000001fcbd75d800 JavaThread "Execution worker for ':' Thread 3" [_thread_blocked, id=7448, stack(0x000000f04f800000,0x000000f04f900000)]
  0x000001fcbd75a000 JavaThread "Build operations" [_thread_blocked, id=8640, stack(0x000000f04f900000,0x000000f04fa00000)]
  0x000001fcbd75b800 JavaThread "Build operations Thread 2" [_thread_blocked, id=4596, stack(0x000000f04fa00000,0x000000f04fb00000)]
  0x000001fcbc265000 JavaThread "Build operations Thread 3" [_thread_blocked, id=13000, stack(0x000000f04fb00000,0x000000f04fc00000)]
  0x000001fcbc267800 JavaThread "Build operations Thread 4" [_thread_blocked, id=11700, stack(0x000000f04ff00000,0x000000f050000000)]

Other Threads:
  0x000001fcb5b6f000 VMThread "VM Thread" [stack: 0x000000f04a400000,0x000000f04a500000] [id=3596]
  0x000001fcb666e800 WatcherThread [stack: 0x000000f04ae00000,0x000000f04af00000] [id=12072]
  0x000001fc9b806000 GCTaskThread "GC Thread#0" [stack: 0x000000f049f00000,0x000000f04a000000] [id=312]
  0x000001fcb6f3c000 GCTaskThread "GC Thread#1" [stack: 0x000000f04b000000,0x000000f04b100000] [id=5364]
  0x000001fcb68ee000 GCTaskThread "GC Thread#2" [stack: 0x000000f04b100000,0x000000f04b200000] [id=4116]
  0x000001fcb988b800 GCTaskThread "GC Thread#3" [stack: 0x000000f04bc00000,0x000000f04bd00000] [id=10400]
  0x000001fc9b835800 ConcurrentGCThread "G1 Main Marker" [stack: 0x000000f04a000000,0x000000f04a100000] [id=11288]
=>0x000001fc9b837800 ConcurrentGCThread "G1 Conc#0" [stack: 0x000000f04a100000,0x000000f04a200000] [id=7744]
  0x000001fc9b8cb000 ConcurrentGCThread "G1 Refine#0" [stack: 0x000000f04a200000,0x000000f04a300000] [id=5408]
  0x000001fc9b8cc000 ConcurrentGCThread "G1 Young RemSet Sampling" [stack: 0x000000f04a300000,0x000000f04a400000] [id=11872]

Threads with active compile tasks:
C2 CompilerThread01728314 27091       4       com.sun.tools.javac.file.CacheFSInfo::getEntry (76 bytes)

VM state:not at safepoint (normal execution)

VM Mutex/Monitor currently owned by a thread: None

Heap address: 0x0000000080000000, size: 2048 MB, Compressed Oops mode: 32-bit
Narrow klass base: 0x0000000000000000, Narrow klass shift: 3
Compressed class space size: 1073741824 Address: 0x0000000100000000

Heap:
 garbage-first heap   total 250880K, used 146817K [0x0000000080000000, 0x0000000100000000)
  region size 1024K, 22 young (22528K), 6 survivors (6144K)
 Metaspace       used 126625K, capacity 130429K, committed 130892K, reserved 1163264K
  class space    used 15635K, capacity 17053K, committed 17228K, reserved 1048576K
Heap Regions: E=young(eden), S=young(survivor), O=old, HS=humongous(starts), HC=humongous(continues), CS=collection set, F=free, A=archive, TAMS=top-at-mark-start (previous, next)
|   0|0x0000000080000000, 0x0000000080100000, 0x0000000080100000|100%|HS|  |TAMS 0x0000000080100000, 0x0000000080100000| Complete 
|   1|0x0000000080100000, 0x0000000080200000, 0x0000000080200000|100%|HC|  |TAMS 0x0000000080200000, 0x0000000080200000| Complete 
|   2|0x0000000080200000, 0x0000000080300000, 0x0000000080300000|100%|HC|  |TAMS 0x0000000080300000, 0x0000000080300000| Complete 
|   3|0x0000000080300000, 0x0000000080400000, 0x0000000080400000|100%| O|  |TAMS 0x0000000080400000, 0x0000000080400000| Untracked 
|   4|0x0000000080400000, 0x0000000080500000, 0x0000000080500000|100%| O|  |TAMS 0x0000000080500000, 0x0000000080500000| Untracked 
|   5|0x0000000080500000, 0x0000000080600000, 0x0000000080600000|100%| O|  |TAMS 0x0000000080600000, 0x0000000080600000| Untracked 
|   6|0x0000000080600000, 0x0000000080700000, 0x0000000080700000|100%| O|  |TAMS 0x0000000080700000, 0x0000000080700000| Untracked 
|   7|0x0000000080700000, 0x0000000080800000, 0x0000000080800000|100%| O|  |TAMS 0x0000000080800000, 0x0000000080800000| Untracked 
|   8|0x0000000080800000, 0x0000000080900000, 0x0000000080900000|100%| O|  |TAMS 0x0000000080900000, 0x0000000080900000| Untracked 
|   9|0x0000000080900000, 0x0000000080a00000, 0x0000000080a00000|100%| O|  |TAMS 0x0000000080a00000, 0x0000000080a00000| Untracked 
|  10|0x0000000080a00000, 0x0000000080b00000, 0x0000000080b00000|100%| O|  |TAMS 0x0000000080b00000, 0x0000000080b00000| Untracked 
|  11|0x0000000080b00000, 0x0000000080c00000, 0x0000000080c00000|100%| O|  |TAMS 0x0000000080c00000, 0x0000000080c00000| Untracked 
|  12|0x0000000080c00000, 0x0000000080d00000, 0x0000000080d00000|100%| O|  |TAMS 0x0000000080d00000, 0x0000000080d00000| Untracked 
|  13|0x0000000080d00000, 0x0000000080e00000, 0x0000000080e00000|100%| O|  |TAMS 0x0000000080e00000, 0x0000000080e00000| Untracked 
|  14|0x0000000080e00000, 0x0000000080f00000, 0x0000000080f00000|100%| O|  |TAMS 0x0000000080f00000, 0x0000000080f00000| Untracked 
|  15|0x0000000080f00000, 0x0000000081000000, 0x0000000081000000|100%| O|  |TAMS 0x0000000081000000, 0x0000000081000000| Untracked 
|  16|0x0000000081000000, 0x0000000081100000, 0x0000000081100000|100%|HS|  |TAMS 0x0000000081100000, 0x0000000081100000| Complete 
|  17|0x0000000081100000, 0x0000000081200000, 0x0000000081200000|100%| O|  |TAMS 0x0000000081200000, 0x0000000081200000| Untracked 
|  18|0x0000000081200000, 0x0000000081300000, 0x0000000081300000|100%| O|  |TAMS 0x0000000081300000, 0x0000000081300000| Untracked 
|  19|0x0000000081300000, 0x0000000081400000, 0x0000000081400000|100%| O|  |TAMS 0x0000000081400000, 0x0000000081400000| Untracked 
|  20|0x0000000081400000, 0x0000000081500000, 0x0000000081500000|100%| O|  |TAMS 0x0000000081500000, 0x0000000081500000| Untracked 
|  21|0x0000000081500000, 0x0000000081600000, 0x0000000081600000|100%| O|  |TAMS 0x0000000081600000, 0x0000000081600000| Untracked 
|  22|0x0000000081600000, 0x0000000081700000, 0x0000000081700000|100%| O|  |TAMS 0x0000000081700000, 0x0000000081700000| Untracked 
|  23|0x0000000081700000, 0x0000000081800000, 0x0000000081800000|100%|HS|  |TAMS 0x0000000081800000, 0x0000000081800000| Complete 
|  24|0x0000000081800000, 0x0000000081900000, 0x0000000081900000|100%|HS|  |TAMS 0x0000000081900000, 0x0000000081900000| Complete 
|  25|0x0000000081900000, 0x0000000081a00000, 0x0000000081a00000|100%|HS|  |TAMS 0x0000000081a00000, 0x0000000081a00000| Complete 
|  26|0x0000000081a00000, 0x0000000081b00000, 0x0000000081b00000|100%|HC|  |TAMS 0x0000000081b00000, 0x0000000081b00000| Complete 
|  27|0x0000000081b00000, 0x0000000081c00000, 0x0000000081c00000|100%| O|  |TAMS 0x0000000081c00000, 0x0000000081c00000| Untracked 
|  28|0x0000000081c00000, 0x0000000081d00000, 0x0000000081d00000|100%| O|  |TAMS 0x0000000081d00000, 0x0000000081d00000| Untracked 
|  29|0x0000000081d00000, 0x0000000081e00000, 0x0000000081e00000|100%| O|  |TAMS 0x0000000081e00000, 0x0000000081e00000| Untracked 
|  30|0x0000000081e00000, 0x0000000081f00000, 0x0000000081f00000|100%| O|  |TAMS 0x0000000081f00000, 0x0000000081f00000| Untracked 
|  31|0x0000000081f00000, 0x0000000082000000, 0x0000000082000000|100%| O|  |TAMS 0x0000000082000000, 0x0000000082000000| Untracked 
|  32|0x0000000082000000, 0x0000000082100000, 0x0000000082100000|100%| O|  |TAMS 0x0000000082100000, 0x0000000082100000| Untracked 
|  33|0x0000000082100000, 0x0000000082200000, 0x0000000082200000|100%| O|  |TAMS 0x0000000082200000, 0x0000000082200000| Untracked 
|  34|0x0000000082200000, 0x0000000082300000, 0x0000000082300000|100%| O|  |TAMS 0x0000000082300000, 0x0000000082300000| Untracked 
|  35|0x0000000082300000, 0x0000000082400000, 0x0000000082400000|100%| O|  |TAMS 0x0000000082400000, 0x0000000082400000| Untracked 
|  36|0x0000000082400000, 0x0000000082500000, 0x0000000082500000|100%| O|  |TAMS 0x0000000082500000, 0x0000000082500000| Untracked 
|  37|0x0000000082500000, 0x0000000082600000, 0x0000000082600000|100%| O|  |TAMS 0x0000000082600000, 0x0000000082600000| Untracked 
|  38|0x0000000082600000, 0x0000000082700000, 0x0000000082700000|100%| O|  |TAMS 0x0000000082700000, 0x0000000082700000| Untracked 
|  39|0x0000000082700000, 0x0000000082800000, 0x0000000082800000|100%| O|  |TAMS 0x0000000082800000, 0x0000000082800000| Untracked 
|  40|0x0000000082800000, 0x0000000082900000, 0x0000000082900000|100%| O|  |TAMS 0x0000000082900000, 0x0000000082900000| Untracked 
|  41|0x0000000082900000, 0x0000000082a00000, 0x0000000082a00000|100%| O|  |TAMS 0x0000000082a00000, 0x0000000082a00000| Untracked 
|  42|0x0000000082a00000, 0x0000000082b00000, 0x0000000082b00000|100%| O|  |TAMS 0x0000000082b00000, 0x0000000082b00000| Untracked 
|  43|0x0000000082b00000, 0x0000000082c00000, 0x0000000082c00000|100%| O|  |TAMS 0x0000000082c00000, 0x0000000082c00000| Untracked 
|  44|0x0000000082c00000, 0x0000000082d00000, 0x0000000082d00000|100%| O|  |TAMS 0x0000000082d00000, 0x0000000082d00000| Untracked 
|  45|0x0000000082d00000, 0x0000000082e00000, 0x0000000082e00000|100%| O|  |TAMS 0x0000000082e00000, 0x0000000082e00000| Untracked 
|  46|0x0000000082e00000, 0x0000000082f00000, 0x0000000082f00000|100%| O|  |TAMS 0x0000000082f00000, 0x0000000082f00000| Untracked 
|  47|0x0000000082f00000, 0x0000000083000000, 0x0000000083000000|100%| O|  |TAMS 0x0000000083000000, 0x0000000083000000| Untracked 
|  48|0x0000000083000000, 0x0000000083100000, 0x0000000083100000|100%| O|  |TAMS 0x0000000083100000, 0x0000000083100000| Untracked 
|  49|0x0000000083100000, 0x0000000083200000, 0x0000000083200000|100%| O|  |TAMS 0x0000000083200000, 0x0000000083200000| Untracked 
|  50|0x0000000083200000, 0x0000000083300000, 0x0000000083300000|100%| O|  |TAMS 0x0000000083300000, 0x0000000083300000| Untracked 
|  51|0x0000000083300000, 0x0000000083400000, 0x0000000083400000|100%| O|  |TAMS 0x0000000083400000, 0x0000000083400000| Untracked 
|  52|0x0000000083400000, 0x0000000083500000, 0x0000000083500000|100%| O|  |TAMS 0x0000000083500000, 0x0000000083500000| Untracked 
|  53|0x0000000083500000, 0x0000000083600000, 0x0000000083600000|100%| O|  |TAMS 0x0000000083600000, 0x0000000083600000| Untracked 
|  54|0x0000000083600000, 0x0000000083700000, 0x0000000083700000|100%| O|  |TAMS 0x0000000083700000, 0x0000000083700000| Untracked 
|  55|0x0000000083700000, 0x0000000083800000, 0x0000000083800000|100%| O|  |TAMS 0x0000000083800000, 0x0000000083800000| Untracked 
|  56|0x0000000083800000, 0x0000000083900000, 0x0000000083900000|100%| O|  |TAMS 0x0000000083900000, 0x0000000083900000| Untracked 
|  57|0x0000000083900000, 0x0000000083a00000, 0x0000000083a00000|100%| O|  |TAMS 0x0000000083a00000, 0x0000000083a00000| Untracked 
|  58|0x0000000083a00000, 0x0000000083b00000, 0x0000000083b00000|100%| O|  |TAMS 0x0000000083b00000, 0x0000000083b00000| Untracked 
|  59|0x0000000083b00000, 0x0000000083c00000, 0x0000000083c00000|100%| O|  |TAMS 0x0000000083c00000, 0x0000000083c00000| Untracked 
|  60|0x0000000083c00000, 0x0000000083d00000, 0x0000000083d00000|100%| O|  |TAMS 0x0000000083d00000, 0x0000000083d00000| Untracked 
|  61|0x0000000083d00000, 0x0000000083e00000, 0x0000000083e00000|100%| O|  |TAMS 0x0000000083e00000, 0x0000000083e00000| Untracked 
|  62|0x0000000083e00000, 0x0000000083f00000, 0x0000000083f00000|100%| O|  |TAMS 0x0000000083f00000, 0x0000000083f00000| Untracked 
|  63|0x0000000083f00000, 0x0000000084000000, 0x0000000084000000|100%| O|  |TAMS 0x0000000083ff1200, 0x0000000084000000| Untracked 
|  64|0x0000000084000000, 0x0000000084100000, 0x0000000084100000|100%| O|  |TAMS 0x0000000084100000, 0x0000000084100000| Untracked 
|  65|0x0000000084100000, 0x0000000084200000, 0x0000000084200000|100%| O|  |TAMS 0x0000000084200000, 0x0000000084200000| Untracked 
|  66|0x0000000084200000, 0x0000000084300000, 0x0000000084300000|100%| O|  |TAMS 0x0000000084300000, 0x0000000084300000| Untracked 
|  67|0x0000000084300000, 0x0000000084400000, 0x0000000084400000|100%| O|  |TAMS 0x0000000084400000, 0x0000000084400000| Untracked 
|  68|0x0000000084400000, 0x0000000084500000, 0x0000000084500000|100%| O|  |TAMS 0x0000000084500000, 0x0000000084500000| Untracked 
|  69|0x0000000084500000, 0x0000000084600000, 0x0000000084600000|100%| O|  |TAMS 0x0000000084600000, 0x0000000084600000| Untracked 
|  70|0x0000000084600000, 0x0000000084700000, 0x0000000084700000|100%| O|  |TAMS 0x0000000084700000, 0x0000000084700000| Untracked 
|  71|0x0000000084700000, 0x0000000084800000, 0x0000000084800000|100%| O|  |TAMS 0x0000000084800000, 0x0000000084800000| Untracked 
|  72|0x0000000084800000, 0x0000000084900000, 0x0000000084900000|100%| O|  |TAMS 0x0000000084900000, 0x0000000084900000| Untracked 
|  73|0x0000000084900000, 0x0000000084a00000, 0x0000000084a00000|100%| O|  |TAMS 0x0000000084a00000, 0x0000000084a00000| Untracked 
|  74|0x0000000084a00000, 0x0000000084b00000, 0x0000000084b00000|100%| O|  |TAMS 0x0000000084b00000, 0x0000000084b00000| Untracked 
|  75|0x0000000084b00000, 0x0000000084c00000, 0x0000000084c00000|100%| O|  |TAMS 0x0000000084c00000, 0x0000000084c00000| Untracked 
|  76|0x0000000084c00000, 0x0000000084d00000, 0x0000000084d00000|100%| O|  |TAMS 0x0000000084d00000, 0x0000000084d00000| Untracked 
|  77|0x0000000084d00000, 0x0000000084e00000, 0x0000000084e00000|100%| O|  |TAMS 0x0000000084e00000, 0x0000000084e00000| Untracked 
|  78|0x0000000084e00000, 0x0000000084f00000, 0x0000000084f00000|100%| O|  |TAMS 0x0000000084f00000, 0x0000000084f00000| Untracked 
|  79|0x0000000084f00000, 0x0000000085000000, 0x0000000085000000|100%| O|  |TAMS 0x0000000085000000, 0x0000000085000000| Untracked 
|  80|0x0000000085000000, 0x0000000085100000, 0x0000000085100000|100%| O|  |TAMS 0x0000000085000000, 0x0000000085100000| Untracked 
|  81|0x0000000085100000, 0x0000000085200000, 0x0000000085200000|100%| O|  |TAMS 0x0000000085100000, 0x0000000085200000| Untracked 
|  82|0x0000000085200000, 0x0000000085300000, 0x0000000085300000|100%| O|  |TAMS 0x0000000085300000, 0x0000000085300000| Untracked 
|  83|0x0000000085300000, 0x0000000085400000, 0x0000000085400000|100%| O|  |TAMS 0x0000000085300000, 0x0000000085400000| Untracked 
|  84|0x0000000085400000, 0x0000000085500000, 0x0000000085500000|100%| O|  |TAMS 0x0000000085500000, 0x0000000085500000| Untracked 
|  85|0x0000000085500000, 0x0000000085600000, 0x0000000085600000|100%| O|  |TAMS 0x0000000085600000, 0x0000000085600000| Untracked 
|  86|0x0000000085600000, 0x0000000085700000, 0x0000000085700000|100%| O|  |TAMS 0x0000000085700000, 0x0000000085700000| Untracked 
|  87|0x0000000085700000, 0x0000000085800000, 0x0000000085800000|100%| O|  |TAMS 0x0000000085800000, 0x0000000085800000| Untracked 
|  88|0x0000000085800000, 0x0000000085900000, 0x0000000085900000|100%| O|  |TAMS 0x0000000085900000, 0x0000000085900000| Untracked 
|  89|0x0000000085900000, 0x0000000085a00000, 0x0000000085a00000|100%| O|  |TAMS 0x0000000085a00000, 0x0000000085a00000| Untracked 
|  90|0x0000000085a00000, 0x0000000085b00000, 0x0000000085b00000|100%| O|  |TAMS 0x0000000085b00000, 0x0000000085b00000| Untracked 
|  91|0x0000000085b00000, 0x0000000085b00000, 0x0000000085c00000|  0%| F|  |TAMS 0x0000000085b00000, 0x0000000085b00000| Untracked 
|  92|0x0000000085c00000, 0x0000000085d00000, 0x0000000085d00000|100%| O|  |TAMS 0x0000000085d00000, 0x0000000085d00000| Untracked 
|  93|0x0000000085d00000, 0x0000000085e00000, 0x0000000085e00000|100%| O|  |TAMS 0x0000000085e00000, 0x0000000085e00000| Untracked 
|  94|0x0000000085e00000, 0x0000000085f00000, 0x0000000085f00000|100%| O|  |TAMS 0x0000000085f00000, 0x0000000085f00000| Untracked 
|  95|0x0000000085f00000, 0x0000000086000000, 0x0000000086000000|100%| O|  |TAMS 0x0000000085f00000, 0x0000000086000000| Untracked 
|  96|0x0000000086000000, 0x0000000086100000, 0x0000000086100000|100%| O|  |TAMS 0x0000000086000000, 0x0000000086100000| Untracked 
|  97|0x0000000086100000, 0x0000000086200000, 0x0000000086200000|100%| O|  |TAMS 0x0000000086200000, 0x0000000086200000| Untracked 
|  98|0x0000000086200000, 0x0000000086200000, 0x0000000086300000|  0%| F|  |TAMS 0x0000000086200000, 0x0000000086200000| Untracked 
|  99|0x0000000086300000, 0x0000000086400000, 0x0000000086400000|100%| O|  |TAMS 0x0000000086400000, 0x0000000086400000| Untracked 
| 100|0x0000000086400000, 0x0000000086500000, 0x0000000086500000|100%| O|  |TAMS 0x0000000086500000, 0x0000000086500000| Untracked 
| 101|0x0000000086500000, 0x0000000086600000, 0x0000000086600000|100%|HS|  |TAMS 0x0000000086500000, 0x0000000086500000| Complete 
| 102|0x0000000086600000, 0x0000000086700000, 0x0000000086700000|100%|HC|  |TAMS 0x0000000086600000, 0x0000000086600000| Complete 
| 103|0x0000000086700000, 0x0000000086700000, 0x0000000086800000|  0%| F|  |TAMS 0x0000000086700000, 0x0000000086700000| Untracked 
| 104|0x0000000086800000, 0x0000000086800000, 0x0000000086900000|  0%| F|  |TAMS 0x0000000086800000, 0x0000000086800000| Untracked 
| 105|0x0000000086900000, 0x0000000086a00000, 0x0000000086a00000|100%| O|  |TAMS 0x0000000086a00000, 0x0000000086a00000| Untracked 
| 106|0x0000000086a00000, 0x0000000086a00000, 0x0000000086b00000|  0%| F|  |TAMS 0x0000000086a00000, 0x0000000086a00000| Untracked 
| 107|0x0000000086b00000, 0x0000000086c00000, 0x0000000086c00000|100%| O|  |TAMS 0x0000000086c00000, 0x0000000086c00000| Untracked 
| 108|0x0000000086c00000, 0x0000000086d00000, 0x0000000086d00000|100%| O|  |TAMS 0x0000000086d00000, 0x0000000086d00000| Untracked 
| 109|0x0000000086d00000, 0x0000000086d00000, 0x0000000086e00000|  0%| F|  |TAMS 0x0000000086d00000, 0x0000000086d00000| Untracked 
| 110|0x0000000086e00000, 0x0000000086f00000, 0x0000000086f00000|100%| O|  |TAMS 0x0000000086f00000, 0x0000000086f00000| Untracked 
| 111|0x0000000086f00000, 0x0000000087000000, 0x0000000087000000|100%| O|  |TAMS 0x0000000087000000, 0x0000000087000000| Untracked 
| 112|0x0000000087000000, 0x0000000087100000, 0x0000000087100000|100%| O|  |TAMS 0x0000000087100000, 0x0000000087100000| Untracked 
| 113|0x0000000087100000, 0x0000000087200000, 0x0000000087200000|100%| O|  |TAMS 0x0000000087100000, 0x0000000087200000| Untracked 
| 114|0x0000000087200000, 0x0000000087300000, 0x0000000087300000|100%| O|  |TAMS 0x0000000087200000, 0x0000000087300000| Untracked 
| 115|0x0000000087300000, 0x0000000087300000, 0x0000000087400000|  0%| F|  |TAMS 0x0000000087300000, 0x0000000087300000| Untracked 
| 116|0x0000000087400000, 0x0000000087500000, 0x0000000087500000|100%| O|  |TAMS 0x0000000087500000, 0x0000000087500000| Untracked 
| 117|0x0000000087500000, 0x0000000087600000, 0x0000000087600000|100%| O|  |TAMS 0x0000000087600000, 0x0000000087600000| Untracked 
| 118|0x0000000087600000, 0x0000000087700000, 0x0000000087700000|100%| O|  |TAMS 0x0000000087600000, 0x0000000087700000| Untracked 
| 119|0x0000000087700000, 0x0000000087711200, 0x0000000087800000|  6%| O|  |TAMS 0x0000000087700000, 0x0000000087711200| Untracked 
| 120|0x0000000087800000, 0x0000000087800000, 0x0000000087900000|  0%| F|  |TAMS 0x0000000087800000, 0x0000000087800000| Untracked 
| 121|0x0000000087900000, 0x0000000087a00000, 0x0000000087a00000|100%| O|  |TAMS 0x0000000087a00000, 0x0000000087a00000| Untracked 
| 122|0x0000000087a00000, 0x0000000087b00000, 0x0000000087b00000|100%| O|  |TAMS 0x0000000087b00000, 0x0000000087b00000| Untracked 
| 123|0x0000000087b00000, 0x0000000087c00000, 0x0000000087c00000|100%| O|  |TAMS 0x0000000087c00000, 0x0000000087c00000| Untracked 
| 124|0x0000000087c00000, 0x0000000087d00000, 0x0000000087d00000|100%| O|  |TAMS 0x0000000087d00000, 0x0000000087d00000| Untracked 
| 125|0x0000000087d00000, 0x0000000087d00000, 0x0000000087e00000|  0%| F|  |TAMS 0x0000000087d00000, 0x0000000087d00000| Untracked 
| 126|0x0000000087e00000, 0x0000000087f00000, 0x0000000087f00000|100%| O|  |TAMS 0x0000000087f00000, 0x0000000087f00000| Untracked 
| 127|0x0000000087f00000, 0x0000000088000000, 0x0000000088000000|100%| O|  |TAMS 0x0000000088000000, 0x0000000088000000| Untracked 
| 128|0x0000000088000000, 0x0000000088000000, 0x0000000088100000|  0%| F|  |TAMS 0x0000000088000000, 0x0000000088000000| Untracked 
| 129|0x0000000088100000, 0x0000000088100000, 0x0000000088200000|  0%| F|  |TAMS 0x0000000088100000, 0x0000000088100000| Untracked 
| 130|0x0000000088200000, 0x0000000088200000, 0x0000000088300000|  0%| F|  |TAMS 0x0000000088200000, 0x0000000088200000| Untracked 
| 131|0x0000000088300000, 0x0000000088300000, 0x0000000088400000|  0%| F|  |TAMS 0x0000000088300000, 0x0000000088300000| Untracked 
| 132|0x0000000088400000, 0x0000000088400000, 0x0000000088500000|  0%| F|  |TAMS 0x0000000088400000, 0x0000000088400000| Untracked 
| 133|0x0000000088500000, 0x0000000088500000, 0x0000000088600000|  0%| F|  |TAMS 0x0000000088500000, 0x0000000088500000| Untracked 
| 134|0x0000000088600000, 0x0000000088600000, 0x0000000088700000|  0%| F|  |TAMS 0x0000000088600000, 0x0000000088600000| Untracked 
| 135|0x0000000088700000, 0x0000000088700000, 0x0000000088800000|  0%| F|  |TAMS 0x0000000088700000, 0x0000000088700000| Untracked 
| 136|0x0000000088800000, 0x0000000088800000, 0x0000000088900000|  0%| F|  |TAMS 0x0000000088800000, 0x0000000088800000| Untracked 
| 137|0x0000000088900000, 0x0000000088900000, 0x0000000088a00000|  0%| F|  |TAMS 0x0000000088900000, 0x0000000088900000| Untracked 
| 138|0x0000000088a00000, 0x0000000088a00000, 0x0000000088b00000|  0%| F|  |TAMS 0x0000000088a00000, 0x0000000088a00000| Untracked 
| 139|0x0000000088b00000, 0x0000000088b00000, 0x0000000088c00000|  0%| F|  |TAMS 0x0000000088b00000, 0x0000000088b00000| Untracked 
| 140|0x0000000088c00000, 0x0000000088c00000, 0x0000000088d00000|  0%| F|  |TAMS 0x0000000088c00000, 0x0000000088c00000| Untracked 
| 141|0x0000000088d00000, 0x0000000088d00000, 0x0000000088e00000|  0%| F|  |TAMS 0x0000000088d00000, 0x0000000088d00000| Untracked 
| 142|0x0000000088e00000, 0x0000000088e00000, 0x0000000088f00000|  0%| F|  |TAMS 0x0000000088e00000, 0x0000000088e00000| Untracked 
| 143|0x0000000088f00000, 0x0000000088f00000, 0x0000000089000000|  0%| F|  |TAMS 0x0000000088f00000, 0x0000000088f00000| Untracked 
| 144|0x0000000089000000, 0x0000000089000000, 0x0000000089100000|  0%| F|  |TAMS 0x0000000089000000, 0x0000000089000000| Untracked 
| 145|0x0000000089100000, 0x0000000089100000, 0x0000000089200000|  0%| F|  |TAMS 0x0000000089100000, 0x0000000089100000| Untracked 
| 146|0x0000000089200000, 0x0000000089200000, 0x0000000089300000|  0%| F|  |TAMS 0x0000000089200000, 0x0000000089200000| Untracked 
| 147|0x0000000089300000, 0x0000000089400000, 0x0000000089400000|100%| O|  |TAMS 0x0000000089400000, 0x0000000089400000| Untracked 
| 148|0x0000000089400000, 0x0000000089500000, 0x0000000089500000|100%| O|  |TAMS 0x0000000089500000, 0x0000000089500000| Untracked 
| 149|0x0000000089500000, 0x0000000089600000, 0x0000000089600000|100%| O|  |TAMS 0x0000000089600000, 0x0000000089600000| Untracked 
| 150|0x0000000089600000, 0x0000000089700000, 0x0000000089700000|100%| O|  |TAMS 0x0000000089700000, 0x0000000089700000| Untracked 
| 151|0x0000000089700000, 0x0000000089800000, 0x0000000089800000|100%| O|  |TAMS 0x0000000089800000, 0x0000000089800000| Untracked 
| 152|0x0000000089800000, 0x0000000089800000, 0x0000000089900000|  0%| F|  |TAMS 0x0000000089800000, 0x0000000089800000| Untracked 
| 153|0x0000000089900000, 0x0000000089900000, 0x0000000089a00000|  0%| F|  |TAMS 0x0000000089900000, 0x0000000089900000| Untracked 
| 154|0x0000000089a00000, 0x0000000089a00000, 0x0000000089b00000|  0%| F|  |TAMS 0x0000000089a00000, 0x0000000089a00000| Untracked 
| 155|0x0000000089b00000, 0x0000000089b00000, 0x0000000089c00000|  0%| F|  |TAMS 0x0000000089b00000, 0x0000000089b00000| Untracked 
| 156|0x0000000089c00000, 0x0000000089c00000, 0x0000000089d00000|  0%| F|  |TAMS 0x0000000089c00000, 0x0000000089c00000| Untracked 
| 157|0x0000000089d00000, 0x0000000089d00000, 0x0000000089e00000|  0%| F|  |TAMS 0x0000000089d00000, 0x0000000089d00000| Untracked 
| 158|0x0000000089e00000, 0x0000000089e00000, 0x0000000089f00000|  0%| F|  |TAMS 0x0000000089e00000, 0x0000000089e00000| Untracked 
| 159|0x0000000089f00000, 0x0000000089f00000, 0x000000008a000000|  0%| F|  |TAMS 0x0000000089f00000, 0x0000000089f00000| Untracked 
| 160|0x000000008a000000, 0x000000008a000000, 0x000000008a100000|  0%| F|  |TAMS 0x000000008a000000, 0x000000008a000000| Untracked 
| 161|0x000000008a100000, 0x000000008a100000, 0x000000008a200000|  0%| F|  |TAMS 0x000000008a100000, 0x000000008a100000| Untracked 
| 162|0x000000008a200000, 0x000000008a200000, 0x000000008a300000|  0%| F|  |TAMS 0x000000008a200000, 0x000000008a200000| Untracked 
| 163|0x000000008a300000, 0x000000008a300000, 0x000000008a400000|  0%| F|  |TAMS 0x000000008a300000, 0x000000008a300000| Untracked 
| 164|0x000000008a400000, 0x000000008a400000, 0x000000008a500000|  0%| F|  |TAMS 0x000000008a400000, 0x000000008a400000| Untracked 
| 165|0x000000008a500000, 0x000000008a500000, 0x000000008a600000|  0%| F|  |TAMS 0x000000008a500000, 0x000000008a500000| Untracked 
| 166|0x000000008a600000, 0x000000008a600000, 0x000000008a700000|  0%| F|  |TAMS 0x000000008a600000, 0x000000008a600000| Untracked 
| 167|0x000000008a700000, 0x000000008a700000, 0x000000008a800000|  0%| F|  |TAMS 0x000000008a700000, 0x000000008a700000| Untracked 
| 168|0x000000008a800000, 0x000000008a800000, 0x000000008a900000|  0%| F|  |TAMS 0x000000008a800000, 0x000000008a800000| Untracked 
| 169|0x000000008a900000, 0x000000008a900000, 0x000000008aa00000|  0%| F|  |TAMS 0x000000008a900000, 0x000000008a900000| Untracked 
| 170|0x000000008aa00000, 0x000000008aa00000, 0x000000008ab00000|  0%| F|  |TAMS 0x000000008aa00000, 0x000000008aa00000| Untracked 
| 171|0x000000008ab00000, 0x000000008ab00000, 0x000000008ac00000|  0%| F|  |TAMS 0x000000008ab00000, 0x000000008ab00000| Untracked 
| 172|0x000000008ac00000, 0x000000008ac00000, 0x000000008ad00000|  0%| F|  |TAMS 0x000000008ac00000, 0x000000008ac00000| Untracked 
| 173|0x000000008ad00000, 0x000000008ad00000, 0x000000008ae00000|  0%| F|  |TAMS 0x000000008ad00000, 0x000000008ad00000| Untracked 
| 174|0x000000008ae00000, 0x000000008ae00000, 0x000000008af00000|  0%| F|  |TAMS 0x000000008ae00000, 0x000000008ae00000| Untracked 
| 175|0x000000008af00000, 0x000000008af00000, 0x000000008b000000|  0%| F|  |TAMS 0x000000008af00000, 0x000000008af00000| Untracked 
| 176|0x000000008b000000, 0x000000008b000000, 0x000000008b100000|  0%| F|  |TAMS 0x000000008b000000, 0x000000008b000000| Untracked 
| 177|0x000000008b100000, 0x000000008b100000, 0x000000008b200000|  0%| F|  |TAMS 0x000000008b100000, 0x000000008b100000| Untracked 
| 178|0x000000008b200000, 0x000000008b200000, 0x000000008b300000|  0%| F|  |TAMS 0x000000008b200000, 0x000000008b200000| Untracked 
| 179|0x000000008b300000, 0x000000008b300000, 0x000000008b400000|  0%| F|  |TAMS 0x000000008b300000, 0x000000008b300000| Untracked 
| 180|0x000000008b400000, 0x000000008b400000, 0x000000008b500000|  0%| F|  |TAMS 0x000000008b400000, 0x000000008b400000| Untracked 
| 181|0x000000008b500000, 0x000000008b500000, 0x000000008b600000|  0%| F|  |TAMS 0x000000008b500000, 0x000000008b500000| Untracked 
| 182|0x000000008b600000, 0x000000008b600000, 0x000000008b700000|  0%| F|  |TAMS 0x000000008b600000, 0x000000008b600000| Untracked 
| 183|0x000000008b700000, 0x000000008b700000, 0x000000008b800000|  0%| F|  |TAMS 0x000000008b700000, 0x000000008b700000| Untracked 
| 184|0x000000008b800000, 0x000000008b800000, 0x000000008b900000|  0%| F|  |TAMS 0x000000008b800000, 0x000000008b800000| Untracked 
| 185|0x000000008b900000, 0x000000008b900000, 0x000000008ba00000|  0%| F|  |TAMS 0x000000008b900000, 0x000000008b900000| Untracked 
| 186|0x000000008ba00000, 0x000000008ba00000, 0x000000008bb00000|  0%| F|  |TAMS 0x000000008ba00000, 0x000000008ba00000| Untracked 
| 187|0x000000008bb00000, 0x000000008bb00000, 0x000000008bc00000|  0%| F|  |TAMS 0x000000008bb00000, 0x000000008bb00000| Untracked 
| 188|0x000000008bc00000, 0x000000008bc00000, 0x000000008bd00000|  0%| F|  |TAMS 0x000000008bc00000, 0x000000008bc00000| Untracked 
| 189|0x000000008bd00000, 0x000000008bd00000, 0x000000008be00000|  0%| F|  |TAMS 0x000000008bd00000, 0x000000008bd00000| Untracked 
| 190|0x000000008be00000, 0x000000008be00000, 0x000000008bf00000|  0%| F|  |TAMS 0x000000008be00000, 0x000000008be00000| Untracked 
| 191|0x000000008bf00000, 0x000000008bf00000, 0x000000008c000000|  0%| F|  |TAMS 0x000000008bf00000, 0x000000008bf00000| Untracked 
| 192|0x000000008c000000, 0x000000008c000000, 0x000000008c100000|  0%| F|  |TAMS 0x000000008c000000, 0x000000008c000000| Untracked 
| 193|0x000000008c100000, 0x000000008c100000, 0x000000008c200000|  0%| F|  |TAMS 0x000000008c100000, 0x000000008c100000| Untracked 
| 194|0x000000008c200000, 0x000000008c200000, 0x000000008c300000|  0%| F|  |TAMS 0x000000008c200000, 0x000000008c200000| Untracked 
| 195|0x000000008c300000, 0x000000008c300000, 0x000000008c400000|  0%| F|  |TAMS 0x000000008c300000, 0x000000008c300000| Untracked 
| 196|0x000000008c400000, 0x000000008c400000, 0x000000008c500000|  0%| F|  |TAMS 0x000000008c400000, 0x000000008c400000| Untracked 
| 197|0x000000008c500000, 0x000000008c500000, 0x000000008c600000|  0%| F|  |TAMS 0x000000008c500000, 0x000000008c500000| Untracked 
| 198|0x000000008c600000, 0x000000008c600000, 0x000000008c700000|  0%| F|  |TAMS 0x000000008c600000, 0x000000008c600000| Untracked 
| 199|0x000000008c700000, 0x000000008c74f5a8, 0x000000008c800000| 30%| S|CS|TAMS 0x000000008c700000, 0x000000008c700000| Complete 
| 200|0x000000008c800000, 0x000000008c900000, 0x000000008c900000|100%| S|CS|TAMS 0x000000008c800000, 0x000000008c800000| Complete 
| 201|0x000000008c900000, 0x000000008ca00000, 0x000000008ca00000|100%| S|CS|TAMS 0x000000008c900000, 0x000000008c900000| Complete 
| 202|0x000000008ca00000, 0x000000008cb00000, 0x000000008cb00000|100%| S|CS|TAMS 0x000000008ca00000, 0x000000008ca00000| Complete 
| 203|0x000000008cb00000, 0x000000008cc00000, 0x000000008cc00000|100%| S|CS|TAMS 0x000000008cb00000, 0x000000008cb00000| Complete 
| 204|0x000000008cc00000, 0x000000008cd00000, 0x000000008cd00000|100%| S|CS|TAMS 0x000000008cc00000, 0x000000008cc00000| Complete 
| 205|0x000000008cd00000, 0x000000008cd00000, 0x000000008ce00000|  0%| F|  |TAMS 0x000000008cd00000, 0x000000008cd00000| Untracked 
| 206|0x000000008ce00000, 0x000000008ce00000, 0x000000008cf00000|  0%| F|  |TAMS 0x000000008ce00000, 0x000000008ce00000| Untracked 
| 207|0x000000008cf00000, 0x000000008cf00000, 0x000000008d000000|  0%| F|  |TAMS 0x000000008cf00000, 0x000000008cf00000| Untracked 
| 208|0x000000008d000000, 0x000000008d000000, 0x000000008d100000|  0%| F|  |TAMS 0x000000008d000000, 0x000000008d000000| Untracked 
| 209|0x000000008d100000, 0x000000008d100000, 0x000000008d200000|  0%| F|  |TAMS 0x000000008d100000, 0x000000008d100000| Untracked 
| 210|0x000000008d200000, 0x000000008d200000, 0x000000008d300000|  0%| F|  |TAMS 0x000000008d200000, 0x000000008d200000| Untracked 
| 211|0x000000008d300000, 0x000000008d300000, 0x000000008d400000|  0%| F|  |TAMS 0x000000008d300000, 0x000000008d300000| Untracked 
| 212|0x000000008d400000, 0x000000008d400000, 0x000000008d500000|  0%| F|  |TAMS 0x000000008d400000, 0x000000008d400000| Untracked 
| 213|0x000000008d500000, 0x000000008d500000, 0x000000008d600000|  0%| F|  |TAMS 0x000000008d500000, 0x000000008d500000| Untracked 
| 214|0x000000008d600000, 0x000000008d600000, 0x000000008d700000|  0%| F|  |TAMS 0x000000008d600000, 0x000000008d600000| Untracked 
| 215|0x000000008d700000, 0x000000008d700000, 0x000000008d800000|  0%| F|  |TAMS 0x000000008d700000, 0x000000008d700000| Untracked 
| 216|0x000000008d800000, 0x000000008d800000, 0x000000008d900000|  0%| F|  |TAMS 0x000000008d800000, 0x000000008d800000| Untracked 
| 217|0x000000008d900000, 0x000000008d900000, 0x000000008da00000|  0%| F|  |TAMS 0x000000008d900000, 0x000000008d900000| Untracked 
| 218|0x000000008da00000, 0x000000008da00000, 0x000000008db00000|  0%| F|  |TAMS 0x000000008da00000, 0x000000008da00000| Untracked 
| 219|0x000000008db00000, 0x000000008db00000, 0x000000008dc00000|  0%| F|  |TAMS 0x000000008db00000, 0x000000008db00000| Untracked 
| 220|0x000000008dc00000, 0x000000008dc00000, 0x000000008dd00000|  0%| F|  |TAMS 0x000000008dc00000, 0x000000008dc00000| Untracked 
| 221|0x000000008dd00000, 0x000000008dd00000, 0x000000008de00000|  0%| F|  |TAMS 0x000000008dd00000, 0x000000008dd00000| Untracked 
| 222|0x000000008de00000, 0x000000008de00000, 0x000000008df00000|  0%| F|  |TAMS 0x000000008de00000, 0x000000008de00000| Untracked 
| 223|0x000000008df00000, 0x000000008df00000, 0x000000008e000000|  0%| F|  |TAMS 0x000000008df00000, 0x000000008df00000| Untracked 
| 224|0x000000008e000000, 0x000000008e000000, 0x000000008e100000|  0%| F|  |TAMS 0x000000008e000000, 0x000000008e000000| Untracked 
| 225|0x000000008e100000, 0x000000008e100000, 0x000000008e200000|  0%| F|  |TAMS 0x000000008e100000, 0x000000008e100000| Untracked 
| 226|0x000000008e200000, 0x000000008e200000, 0x000000008e300000|  0%| F|  |TAMS 0x000000008e200000, 0x000000008e200000| Untracked 
| 227|0x000000008e300000, 0x000000008e300000, 0x000000008e400000|  0%| F|  |TAMS 0x000000008e300000, 0x000000008e300000| Untracked 
| 228|0x000000008e400000, 0x000000008e400000, 0x000000008e500000|  0%| F|  |TAMS 0x000000008e400000, 0x000000008e400000| Untracked 
| 229|0x000000008e500000, 0x000000008e600000, 0x000000008e600000|100%| E|  |TAMS 0x000000008e500000, 0x000000008e500000| Complete 
| 230|0x000000008e600000, 0x000000008e700000, 0x000000008e700000|100%| E|CS|TAMS 0x000000008e600000, 0x000000008e600000| Complete 
| 231|0x000000008e700000, 0x000000008e800000, 0x000000008e800000|100%| E|CS|TAMS 0x000000008e700000, 0x000000008e700000| Complete 
| 232|0x000000008e800000, 0x000000008e900000, 0x000000008e900000|100%| E|CS|TAMS 0x000000008e800000, 0x000000008e800000| Complete 
| 233|0x000000008e900000, 0x000000008ea00000, 0x000000008ea00000|100%| E|CS|TAMS 0x000000008e900000, 0x000000008e900000| Complete 
| 234|0x000000008ea00000, 0x000000008eb00000, 0x000000008eb00000|100%| E|CS|TAMS 0x000000008ea00000, 0x000000008ea00000| Complete 
| 235|0x000000008eb00000, 0x000000008ec00000, 0x000000008ec00000|100%| E|CS|TAMS 0x000000008eb00000, 0x000000008eb00000| Complete 
| 236|0x000000008ec00000, 0x000000008ed00000, 0x000000008ed00000|100%| E|CS|TAMS 0x000000008ec00000, 0x000000008ec00000| Complete 
| 237|0x000000008ed00000, 0x000000008ee00000, 0x000000008ee00000|100%| E|CS|TAMS 0x000000008ed00000, 0x000000008ed00000| Complete 
| 238|0x000000008ee00000, 0x000000008ef00000, 0x000000008ef00000|100%| E|CS|TAMS 0x000000008ee00000, 0x000000008ee00000| Complete 
| 239|0x000000008ef00000, 0x000000008f000000, 0x000000008f000000|100%| E|CS|TAMS 0x000000008ef00000, 0x000000008ef00000| Complete 
| 240|0x000000008f000000, 0x000000008f100000, 0x000000008f100000|100%| E|CS|TAMS 0x000000008f000000, 0x000000008f000000| Complete 
| 241|0x000000008f100000, 0x000000008f200000, 0x000000008f200000|100%| E|CS|TAMS 0x000000008f100000, 0x000000008f100000| Complete 
| 242|0x000000008f200000, 0x000000008f300000, 0x000000008f300000|100%| E|CS|TAMS 0x000000008f200000, 0x000000008f200000| Complete 
| 243|0x000000008f300000, 0x000000008f400000, 0x000000008f400000|100%| E|CS|TAMS 0x000000008f300000, 0x000000008f300000| Complete 
| 244|0x000000008f400000, 0x000000008f500000, 0x000000008f500000|100%| E|CS|TAMS 0x000000008f400000, 0x000000008f400000| Complete 

Card table byte_map: [0x000001fcaed30000,0x000001fcaf130000] _byte_map_base: 0x000001fcae930000

Marking Bits (Prev, Next): (CMBitMap*) 0x000001fc9b82c918, (CMBitMap*) 0x000001fc9b82c950
 Prev Bits: [0x000001fcaf530000, 0x000001fcb1530000)
 Next Bits: [0x000001fcb1530000, 0x000001fcb3530000)

Polling page: 0x000001fc9a010000

Metaspace:

Usage:
  Non-class:    110.72 MB capacity,   108.39 MB ( 98%) used,     1.88 MB (  2%) free+waste,   463.69 KB ( <1%) overhead. 
      Class:     16.65 MB capacity,    15.27 MB ( 92%) used,     1.19 MB (  7%) free+waste,   198.19 KB (  1%) overhead. 
       Both:    127.37 MB capacity,   123.66 MB ( 97%) used,     3.07 MB (  2%) free+waste,   661.88 KB ( <1%) overhead. 

Virtual space:
  Non-class space:      112.00 MB reserved,     111.00 MB (>99%) committed 
      Class space:        1.00 GB reserved,      16.82 MB (  2%) committed 
             Both:        1.11 GB reserved,     127.82 MB ( 11%) committed 

Chunk freelists:
   Non-Class:  224.00 KB
       Class:  67.00 KB
        Both:  291.00 KB

MaxMetaspaceSize: 17179869184.00 GB
CompressedClassSpaceSize: 1.00 GB

CodeHeap 'non-profiled nmethods': size=120064Kb used=17161Kb max_used=17476Kb free=102903Kb
 bounds [0x000001fca6dc0000, 0x000001fca7ef0000, 0x000001fcae300000]
CodeHeap 'profiled nmethods': size=120000Kb used=54169Kb max_used=55882Kb free=65830Kb
 bounds [0x000001fc9f890000, 0x000001fca2f50000, 0x000001fca6dc0000]
CodeHeap 'non-nmethods': size=5696Kb used=2365Kb max_used=2425Kb free=3330Kb
 bounds [0x000001fc9f300000, 0x000001fc9f570000, 0x000001fc9f890000]
 total_blobs=24215 nmethods=23233 adapters=890
 compilation: enabled
              stopped_count=0, restarted_count=0
 full_count=0

Compilation events (20 events):
Event: 1727.763 Thread 0x000001fcb5b99000 27082       4       java.util.JumboEnumSet$EnumSetIterator::hasNext (67 bytes)
Event: 1727.767 Thread 0x000001fcb5b99000 nmethod 27082 0x000001fca7149d90 code [0x000001fca7149f20, 0x000001fca714a018]
Event: 1727.811 Thread 0x000001fcb5b99000 27083       4       sun.nio.fs.WindowsChannelFactory::newFileChannel (130 bytes)
Event: 1727.856 Thread 0x000001fcb5b99000 nmethod 27083 0x000001fca7449110 code [0x000001fca7449340, 0x000001fca744a2d8]
Event: 1727.888 Thread 0x000001fcb9acd800 nmethod 27018 0x000001fca7ee0510 code [0x000001fca7ee09a0, 0x000001fca7ee4ff8]
Event: 1727.892 Thread 0x000001fcb5b99000 27084       4       java.util.zip.ZipFile$Source$Key::hashCode (29 bytes)
Event: 1727.896 Thread 0x000001fcb5b99000 nmethod 27084 0x000001fca7243210 code [0x000001fca72433c0, 0x000001fca7243588]
Event: 1727.928 Thread 0x000001fcb5b9a000 27085       3       com.sun.tools.javac.util.Options::isSet (17 bytes)
Event: 1727.929 Thread 0x000001fcb5b9a000 nmethod 27085 0x000001fca01b9e10 code [0x000001fca01ba000, 0x000001fca01ba4e8]
Event: 1727.933 Thread 0x000001fcb9acd800 27086       4       com.sun.tools.javac.parser.JavacParser::toP (9 bytes)
Event: 1727.933 Thread 0x000001fcb5b9a000 27087       3       com.sun.tools.javac.parser.JavacParser::classOrInterfaceBody (134 bytes)
Event: 1727.934 Thread 0x000001fcb5b99000 27088       4       com.sun.tools.javac.parser.JavacParser::typeArgumentsOpt (45 bytes)
Event: 1727.935 Thread 0x000001fcb5b9a000 nmethod 27087 0x000001fca065fc90 code [0x000001fca065ff60, 0x000001fca0660cd8]
Event: 1727.936 Thread 0x000001fcb5b99000 nmethod 27088 0x000001fca7184290 code [0x000001fca7184440, 0x000001fca7184528]
Event: 1727.968 Thread 0x000001fcb9acd800 nmethod 27086 0x000001fca736f010 code [0x000001fca736f200, 0x000001fca736f798]
Event: 1728.060 Thread 0x000001fcb5b99000 27089   !   4       sun.nio.fs.WindowsChannelFactory::open (447 bytes)
Event: 1728.078 Thread 0x000001fcb5b99000 nmethod 27089 0x000001fca7371910 code [0x000001fca7371b20, 0x000001fca7372400]
Event: 1728.137 Thread 0x000001fcb9acd800 27090       4       java.util.Collections$SingletonMap::get (20 bytes)
Event: 1728.138 Thread 0x000001fcb9acd800 nmethod 27090 0x000001fca72aa190 code [0x000001fca72aa320, 0x000001fca72aa3d8]
Event: 1728.165 Thread 0x000001fcb5b99000 27091       4       com.sun.tools.javac.file.CacheFSInfo::getEntry (76 bytes)

GC Heap History (20 events):
Event: 1379.839 GC heap before
{Heap before GC invocations=88 (full 0):
 garbage-first heap   total 250880K, used 164730K [0x0000000080000000, 0x0000000100000000)
  region size 1024K, 28 young (28672K), 1 survivors (1024K)
 Metaspace       used 126739K, capacity 130553K, committed 130892K, reserved 1163264K
  class space    used 15682K, capacity 17083K, committed 17228K, reserved 1048576K
}
Event: 1379.859 GC heap after
{Heap after GC invocations=89 (full 0):
 garbage-first heap   total 250880K, used 140976K [0x0000000080000000, 0x0000000100000000)
  region size 1024K, 3 young (3072K), 3 survivors (3072K)
 Metaspace       used 126739K, capacity 130553K, committed 130892K, reserved 1163264K
  class space    used 15682K, capacity 17083K, committed 17228K, reserved 1048576K
}
Event: 1380.737 GC heap before
{Heap before GC invocations=90 (full 0):
 garbage-first heap   total 250880K, used 205488K [0x0000000080000000, 0x0000000100000000)
  region size 1024K, 63 young (64512K), 3 survivors (3072K)
 Metaspace       used 126755K, capacity 130561K, committed 130892K, reserved 1163264K
  class space    used 15683K, capacity 17084K, committed 17228K, reserved 1048576K
}
Event: 1380.761 GC heap after
{Heap after GC invocations=91 (full 0):
 garbage-first heap   total 250880K, used 149504K [0x0000000080000000, 0x0000000100000000)
  region size 1024K, 8 young (8192K), 8 survivors (8192K)
 Metaspace       used 126755K, capacity 130561K, committed 130892K, reserved 1163264K
  class space    used 15683K, capacity 17084K, committed 17228K, reserved 1048576K
}
Event: 1380.780 GC heap before
{Heap before GC invocations=91 (full 0):
 garbage-first heap   total 250880K, used 153600K [0x0000000080000000, 0x0000000100000000)
  region size 1024K, 12 young (12288K), 8 survivors (8192K)
 Metaspace       used 126755K, capacity 130561K, committed 130892K, reserved 1163264K
  class space    used 15683K, capacity 17084K, committed 17228K, reserved 1048576K
}
Event: 1380.827 GC heap after
{Heap after GC invocations=92 (full 0):
 garbage-first heap   total 250880K, used 143574K [0x0000000080000000, 0x0000000100000000)
  region size 1024K, 2 young (2048K), 2 survivors (2048K)
 Metaspace       used 126755K, capacity 130561K, committed 130892K, reserved 1163264K
  class space    used 15683K, capacity 17084K, committed 17228K, reserved 1048576K
}
Event: 1381.327 GC heap before
{Heap before GC invocations=92 (full 0):
 garbage-first heap   total 250880K, used 199894K [0x0000000080000000, 0x0000000100000000)
  region size 1024K, 58 young (59392K), 2 survivors (2048K)
 Metaspace       used 126821K, capacity 130629K, committed 130892K, reserved 1163264K
  class space    used 15683K, capacity 17084K, committed 17228K, reserved 1048576K
}
Event: 1381.338 GC heap after
{Heap after GC invocations=93 (full 0):
 garbage-first heap   total 250880K, used 144651K [0x0000000080000000, 0x0000000100000000)
  region size 1024K, 3 young (3072K), 3 survivors (3072K)
 Metaspace       used 126821K, capacity 130629K, committed 130892K, reserved 1163264K
  class space    used 15683K, capacity 17084K, committed 17228K, reserved 1048576K
}
Event: 1382.410 GC heap before
{Heap before GC invocations=94 (full 0):
 garbage-first heap   total 250880K, used 199947K [0x0000000080000000, 0x0000000100000000)
  region size 1024K, 61 young (62464K), 3 survivors (3072K)
 Metaspace       used 126306K, capacity 130050K, committed 130892K, reserved 1163264K
  class space    used 15619K, capacity 17012K, committed 17228K, reserved 1048576K
}
Event: 1382.422 GC heap after
{Heap after GC invocations=95 (full 0):
 garbage-first heap   total 250880K, used 139577K [0x0000000080000000, 0x0000000100000000)
  region size 1024K, 2 young (2048K), 2 survivors (2048K)
 Metaspace       used 126306K, capacity 130050K, committed 130892K, reserved 1163264K
  class space    used 15619K, capacity 17012K, committed 17228K, reserved 1048576K
}
Event: 1382.618 GC heap before
{Heap before GC invocations=95 (full 0):
 garbage-first heap   total 250880K, used 148793K [0x0000000080000000, 0x0000000100000000)
  region size 1024K, 12 young (12288K), 2 survivors (2048K)
 Metaspace       used 126306K, capacity 130050K, committed 130892K, reserved 1163264K
  class space    used 15619K, capacity 17012K, committed 17228K, reserved 1048576K
}
Event: 1382.626 GC heap after
{Heap after GC invocations=96 (full 0):
 garbage-first heap   total 250880K, used 128964K [0x0000000080000000, 0x0000000100000000)
  region size 1024K, 1 young (1024K), 1 survivors (1024K)
 Metaspace       used 126306K, capacity 130050K, committed 130892K, reserved 1163264K
  class space    used 15619K, capacity 17012K, committed 17228K, reserved 1048576K
}
Event: 1382.645 GC heap before
{Heap before GC invocations=96 (full 0):
 garbage-first heap   total 250880K, used 137156K [0x0000000080000000, 0x0000000100000000)
  region size 1024K, 11 young (11264K), 1 survivors (1024K)
 Metaspace       used 126306K, capacity 130050K, committed 130892K, reserved 1163264K
  class space    used 15619K, capacity 17012K, committed 17228K, reserved 1048576K
}
Event: 1382.652 GC heap after
{Heap after GC invocations=97 (full 0):
 garbage-first heap   total 250880K, used 128924K [0x0000000080000000, 0x0000000100000000)
  region size 1024K, 1 young (1024K), 1 survivors (1024K)
 Metaspace       used 126306K, capacity 130050K, committed 130892K, reserved 1163264K
  class space    used 15619K, capacity 17012K, committed 17228K, reserved 1048576K
}
Event: 1727.125 GC heap before
{Heap before GC invocations=98 (full 0):
 garbage-first heap   total 250880K, used 241564K [0x0000000080000000, 0x0000000100000000)
  region size 1024K, 51 young (52224K), 1 survivors (1024K)
 Metaspace       used 126404K, capacity 130120K, committed 130892K, reserved 1163264K
  class space    used 15620K, capacity 17013K, committed 17228K, reserved 1048576K
}
Event: 1727.149 GC heap after
{Heap after GC invocations=99 (full 0):
 garbage-first heap   total 250880K, used 131707K [0x0000000080000000, 0x0000000100000000)
  region size 1024K, 6 young (6144K), 6 survivors (6144K)
 Metaspace       used 126404K, capacity 130120K, committed 130892K, reserved 1163264K
  class space    used 15620K, capacity 17013K, committed 17228K, reserved 1048576K
}
Event: 1727.261 GC heap before
{Heap before GC invocations=99 (full 0):
 garbage-first heap   total 250880K, used 136827K [0x0000000080000000, 0x0000000100000000)
  region size 1024K, 12 young (12288K), 6 survivors (6144K)
 Metaspace       used 126414K, capacity 130120K, committed 130892K, reserved 1163264K
  class space    used 15620K, capacity 17013K, committed 17228K, reserved 1048576K
}
Event: 1727.288 GC heap after
{Heap after GC invocations=100 (full 0):
 garbage-first heap   total 250880K, used 125432K [0x0000000080000000, 0x0000000100000000)
  region size 1024K, 2 young (2048K), 2 survivors (2048K)
 Metaspace       used 126414K, capacity 130120K, committed 130892K, reserved 1163264K
  class space    used 15620K, capacity 17013K, committed 17228K, reserved 1048576K
}
Event: 1727.941 GC heap before
{Heap before GC invocations=100 (full 0):
 garbage-first heap   total 250880K, used 163320K [0x0000000080000000, 0x0000000100000000)
  region size 1024K, 40 young (40960K), 2 survivors (2048K)
 Metaspace       used 126625K, capacity 130429K, committed 130892K, reserved 1163264K
  class space    used 15635K, capacity 17053K, committed 17228K, reserved 1048576K
}
Event: 1727.967 GC heap after
{Heap after GC invocations=101 (full 0):
 garbage-first heap   total 250880K, used 129409K [0x0000000080000000, 0x0000000100000000)
  region size 1024K, 6 young (6144K), 6 survivors (6144K)
 Metaspace       used 126625K, capacity 130429K, committed 130892K, reserved 1163264K
  class space    used 15635K, capacity 17053K, committed 17228K, reserved 1048576K
}

Deoptimization events (20 events):
Event: 1727.474 Thread 0x000001fcba12e000 Uncommon trap: trap_request=0xffffffbe fr.pc=0x000001fca7ed8604 relative=0x0000000000003884
Event: 1727.474 Thread 0x000001fcba12e000 Uncommon trap: reason=profile_predicate action=maybe_recompile pc=0x000001fca7ed8604 method=org.gradle.api.internal.artifacts.ivyservice.resolveengine.graph.builder.DependencyGraphBuilder.performSelectionSerially(Ljava/util/List;Lorg/gradle/api/specs/Spec
Event: 1727.474 Thread 0x000001fcba12e000 DEOPT PACKING pc=0x000001fca7ed8604 sp=0x000000f04aff7b70
Event: 1727.474 Thread 0x000001fcba12e000 DEOPT UNPACKING pc=0x000001fc9f32662f sp=0x000000f04aff7b48 mode 2
Event: 1727.474 Thread 0x000001fcba12e000 Uncommon trap: trap_request=0xffffffbe fr.pc=0x000001fca7ed8604 relative=0x0000000000003884
Event: 1727.474 Thread 0x000001fcba12e000 Uncommon trap: reason=profile_predicate action=maybe_recompile pc=0x000001fca7ed8604 method=org.gradle.api.internal.artifacts.ivyservice.resolveengine.graph.builder.DependencyGraphBuilder.performSelectionSerially(Ljava/util/List;Lorg/gradle/api/specs/Spec
Event: 1727.474 Thread 0x000001fcba12e000 DEOPT PACKING pc=0x000001fca7ed8604 sp=0x000000f04aff7b70
Event: 1727.474 Thread 0x000001fcba12e000 DEOPT UNPACKING pc=0x000001fc9f32662f sp=0x000000f04aff7b48 mode 2
Event: 1727.476 Thread 0x000001fcba12e000 Uncommon trap: trap_request=0xffffffbe fr.pc=0x000001fca7ed8604 relative=0x0000000000003884
Event: 1727.476 Thread 0x000001fcba12e000 Uncommon trap: reason=profile_predicate action=maybe_recompile pc=0x000001fca7ed8604 method=org.gradle.api.internal.artifacts.ivyservice.resolveengine.graph.builder.DependencyGraphBuilder.performSelectionSerially(Ljava/util/List;Lorg/gradle/api/specs/Spec
Event: 1727.476 Thread 0x000001fcba12e000 DEOPT PACKING pc=0x000001fca7ed8604 sp=0x000000f04aff7b70
Event: 1727.476 Thread 0x000001fcba12e000 DEOPT UNPACKING pc=0x000001fc9f32662f sp=0x000000f04aff7b48 mode 2
Event: 1727.567 Thread 0x000001fcbd75c800 Uncommon trap: trap_request=0xffffffbe fr.pc=0x000001fca74b4534 relative=0x0000000000001454
Event: 1727.567 Thread 0x000001fcbd75c800 Uncommon trap: reason=profile_predicate action=maybe_recompile pc=0x000001fca74b4534 method=org.gradle.api.internal.artifacts.ivyservice.resolveengine.graph.builder.DependencyGraphBuilder.performSelectionSerially(Ljava/util/List;Lorg/gradle/api/specs/Spec
Event: 1727.567 Thread 0x000001fcbd75c800 DEOPT PACKING pc=0x000001fca74b4534 sp=0x000000f04f6f9630
Event: 1727.567 Thread 0x000001fcbd75c800 DEOPT UNPACKING pc=0x000001fc9f32662f sp=0x000000f04f6f9658 mode 2
Event: 1727.689 Thread 0x000001fcba12e000 DEOPT PACKING pc=0x000001fca0ef5443 sp=0x000000f04aff63a0
Event: 1727.689 Thread 0x000001fcba12e000 DEOPT UNPACKING pc=0x000001fc9f326dde sp=0x000000f04aff5878 mode 0
Event: 1727.696 Thread 0x000001fcba12e000 DEOPT PACKING pc=0x000001fca0ef5443 sp=0x000000f04aff63a0
Event: 1727.696 Thread 0x000001fcba12e000 DEOPT UNPACKING pc=0x000001fc9f326dde sp=0x000000f04aff5878 mode 0

Classes redefined (0 events):
No events

Internal exceptions (20 events):
Event: 1382.057 Thread 0x000001fcb9ad8000 Exception <a 'sun/nio/fs/WindowsException'{0x000000008cbde470}> (0x000000008cbde470) thrown at [./src/hotspot/share/prims/jni.cpp, line 615]
Event: 1382.061 Thread 0x000001fcb9ad8000 Exception <a 'sun/nio/fs/WindowsException'{0x000000008cbe7f58}> (0x000000008cbe7f58) thrown at [./src/hotspot/share/prims/jni.cpp, line 615]
Event: 1382.065 Thread 0x000001fcb9ad8000 Exception <a 'sun/nio/fs/WindowsException'{0x000000008c9c4440}> (0x000000008c9c4440) thrown at [./src/hotspot/share/prims/jni.cpp, line 615]
Event: 1382.189 Thread 0x000001fcba127800 Exception <a 'sun/nio/fs/WindowsException'{0x000000008c4b8670}> (0x000000008c4b8670) thrown at [./src/hotspot/share/prims/jni.cpp, line 615]
Event: 1382.238 Thread 0x000001fcba127800 Exception <a 'sun/nio/fs/WindowsException'{0x000000008c083c00}> (0x000000008c083c00) thrown at [./src/hotspot/share/prims/jni.cpp, line 615]
Event: 1383.305 Thread 0x000001fcb9acb000 Implicit null exception at 0x000001fca710eeb2 to 0x000001fca710f0a8
Event: 1383.315 Thread 0x000001fcb9acb000 Implicit null exception at 0x000001fca6ff50e1 to 0x000001fca6ff5270
Event: 1383.317 Thread 0x000001fcb9acb000 Exception <a 'sun/nio/fs/WindowsException'{0x000000008f374ae0}> (0x000000008f374ae0) thrown at [./src/hotspot/share/prims/jni.cpp, line 615]
Event: 1383.317 Thread 0x000001fcb9acb000 Exception <a 'sun/nio/fs/WindowsException'{0x000000008f374c78}> (0x000000008f374c78) thrown at [./src/hotspot/share/prims/jni.cpp, line 615]
Event: 1383.318 Thread 0x000001fcb9acb000 Exception <a 'sun/nio/fs/WindowsException'{0x000000008f3766c0}> (0x000000008f3766c0) thrown at [./src/hotspot/share/prims/jni.cpp, line 615]
Event: 1726.787 Thread 0x000001fcba12e000 Exception <a 'sun/nio/fs/WindowsException'{0x000000008d09f0f8}> (0x000000008d09f0f8) thrown at [./src/hotspot/share/prims/jni.cpp, line 615]
Event: 1726.862 Thread 0x000001fcba12e000 Exception <a 'java/lang/NoClassDefFoundError'{0x000000008cc35600}: org/jetbrains/kotlin/gradle/plugin/KotlinBasePluginWrapper> (0x000000008cc35600) thrown at [./src/hotspot/share/oops/constantPool.cpp, line 775]
Event: 1726.905 Thread 0x000001fcba12e000 Exception <a 'sun/nio/fs/WindowsException'{0x000000008cba0ed8}> (0x000000008cba0ed8) thrown at [./src/hotspot/share/prims/jni.cpp, line 615]
Event: 1726.920 Thread 0x000001fcba12e000 Exception <a 'sun/nio/fs/WindowsException'{0x000000008ca42840}> (0x000000008ca42840) thrown at [./src/hotspot/share/prims/jni.cpp, line 615]
Event: 1726.920 Thread 0x000001fcba12e000 Exception <a 'sun/nio/fs/WindowsException'{0x000000008ca43a40}> (0x000000008ca43a40) thrown at [./src/hotspot/share/prims/jni.cpp, line 615]
Event: 1726.921 Thread 0x000001fcba12e000 Exception <a 'sun/nio/fs/WindowsException'{0x000000008ca44c90}> (0x000000008ca44c90) thrown at [./src/hotspot/share/prims/jni.cpp, line 615]
Event: 1726.921 Thread 0x000001fcba12e000 Exception <a 'sun/nio/fs/WindowsException'{0x000000008ca45ee0}> (0x000000008ca45ee0) thrown at [./src/hotspot/share/prims/jni.cpp, line 615]
Event: 1727.908 Thread 0x000001fcba12e000 Exception <a 'sun/nio/fs/WindowsException'{0x000000008cffadb0}> (0x000000008cffadb0) thrown at [./src/hotspot/share/prims/jni.cpp, line 615]
Event: 1727.937 Thread 0x000001fcba12e000 Exception <a 'sun/nio/fs/WindowsException'{0x000000008cdea770}> (0x000000008cdea770) thrown at [./src/hotspot/share/prims/jni.cpp, line 615]
Event: 1727.937 Thread 0x000001fcba12e000 Exception <a 'sun/nio/fs/WindowsException'{0x000000008cdea878}> (0x000000008cdea878) thrown at [./src/hotspot/share/prims/jni.cpp, line 615]

Events (20 events):
Event: 1727.926 loading class butterknife/OnEditorAction
Event: 1727.926 loading class butterknife/OnEditorAction done
Event: 1727.926 loading class butterknife/OnFocusChange
Event: 1727.926 loading class butterknife/OnFocusChange done
Event: 1727.926 loading class butterknife/OnItemClick
Event: 1727.926 loading class butterknife/OnItemClick done
Event: 1727.926 loading class butterknife/OnItemLongClick
Event: 1727.926 loading class butterknife/OnItemLongClick done
Event: 1727.927 loading class butterknife/OnItemSelected
Event: 1727.927 loading class butterknife/OnItemSelected done
Event: 1727.927 loading class butterknife/OnLongClick
Event: 1727.927 loading class butterknife/OnLongClick done
Event: 1727.927 loading class butterknife/OnPageChange
Event: 1727.927 loading class butterknife/OnPageChange done
Event: 1727.927 loading class butterknife/OnTextChanged
Event: 1727.927 loading class butterknife/OnTextChanged done
Event: 1727.927 loading class butterknife/OnTouch
Event: 1727.927 loading class butterknife/OnTouch done
Event: 1727.941 Executing VM operation: G1CollectForAllocation
Event: 1727.967 Executing VM operation: G1CollectForAllocation done


Dynamic libraries:
0x00007ff654980000 - 0x00007ff65498a000 	C:\Program Files\Android\Android Studio\jre\bin\java.exe
0x00007ffeec090000 - 0x00007ffeec285000 	C:\WINDOWS\SYSTEM32\ntdll.dll
0x00007ffeeb650000 - 0x00007ffeeb70e000 	C:\WINDOWS\System32\KERNEL32.DLL
0x00007ffee9a00000 - 0x00007ffee9cc8000 	C:\WINDOWS\System32\KERNELBASE.dll
0x00007ffee9900000 - 0x00007ffee9a00000 	C:\WINDOWS\System32\ucrtbase.dll
0x00007ffeccb40000 - 0x00007ffeccb59000 	C:\Program Files\Android\Android Studio\jre\bin\jli.dll
0x00007ffecbab0000 - 0x00007ffecbac7000 	C:\Program Files\Android\Android Studio\jre\bin\VCRUNTIME140.dll
0x00007ffeea4f0000 - 0x00007ffeea690000 	C:\WINDOWS\System32\USER32.dll
0x00007ffedb6f0000 - 0x00007ffedb98a000 	C:\WINDOWS\WinSxS\amd64_microsoft.windows.common-controls_6595b64144ccf1df_6.0.19041.1110_none_60b5254171f9507e\COMCTL32.dll
0x00007ffee97b0000 - 0x00007ffee97d2000 	C:\WINDOWS\System32\win32u.dll
0x00007ffeeb2f0000 - 0x00007ffeeb38e000 	C:\WINDOWS\System32\msvcrt.dll
0x00007ffeea270000 - 0x00007ffeea29a000 	C:\WINDOWS\System32\GDI32.dll
0x00007ffee9fe0000 - 0x00007ffeea0eb000 	C:\WINDOWS\System32\gdi32full.dll
0x00007ffee9e80000 - 0x00007ffee9f1d000 	C:\WINDOWS\System32\msvcp_win.dll
0x00007ffeea2a0000 - 0x00007ffeea2d0000 	C:\WINDOWS\System32\IMM32.DLL
0x00007ffecba10000 - 0x00007ffecbaad000 	C:\Program Files\Android\Android Studio\jre\bin\msvcp140.dll
0x00007ffec0730000 - 0x00007ffec1205000 	C:\Program Files\Android\Android Studio\jre\bin\server\jvm.dll
0x00007ffeebfa0000 - 0x00007ffeec04e000 	C:\WINDOWS\System32\ADVAPI32.dll
0x00007ffeeb1c0000 - 0x00007ffeeb25c000 	C:\WINDOWS\System32\sechost.dll
0x00007ffeea3a0000 - 0x00007ffeea4c5000 	C:\WINDOWS\System32\RPCRT4.dll
0x00007ffeebb20000 - 0x00007ffeebb28000 	C:\WINDOWS\System32\PSAPI.DLL
0x00007ffee4890000 - 0x00007ffee4899000 	C:\WINDOWS\SYSTEM32\WSOCK32.dll
0x00007ffee4700000 - 0x00007ffee4727000 	C:\WINDOWS\SYSTEM32\WINMM.dll
0x00007ffedd930000 - 0x00007ffedd93a000 	C:\WINDOWS\SYSTEM32\VERSION.dll
0x00007ffeeafc0000 - 0x00007ffeeb02b000 	C:\WINDOWS\System32\WS2_32.dll
0x00007ffee76d0000 - 0x00007ffee76e2000 	C:\WINDOWS\SYSTEM32\kernel.appcore.dll
0x00007ffedbac0000 - 0x00007ffedbad1000 	C:\Program Files\Android\Android Studio\jre\bin\verify.dll
0x00007ffed8540000 - 0x00007ffed8724000 	C:\WINDOWS\SYSTEM32\DBGHELP.DLL
0x00007ffede8a0000 - 0x00007ffede8cc000 	C:\WINDOWS\SYSTEM32\dbgcore.DLL
0x00007ffee9f50000 - 0x00007ffee9fd2000 	C:\WINDOWS\System32\bcryptPrimitives.dll
0x00007ffedb1d0000 - 0x00007ffedb1f9000 	C:\Program Files\Android\Android Studio\jre\bin\java.dll
0x00007ffee46f0000 - 0x00007ffee46fb000 	C:\Program Files\Android\Android Studio\jre\bin\jimage.dll
0x00007ffedb990000 - 0x00007ffedb9a8000 	C:\Program Files\Android\Android Studio\jre\bin\zip.dll
0x00007ffeea7e0000 - 0x00007ffeeaf24000 	C:\WINDOWS\System32\SHELL32.dll
0x00007ffee78d0000 - 0x00007ffee8064000 	C:\WINDOWS\SYSTEM32\windows.storage.dll
0x00007ffeeb7c0000 - 0x00007ffeebb14000 	C:\WINDOWS\System32\combase.dll
0x00007ffee9150000 - 0x00007ffee917c000 	C:\WINDOWS\SYSTEM32\Wldp.dll
0x00007ffeeb710000 - 0x00007ffeeb7bd000 	C:\WINDOWS\System32\SHCORE.dll
0x00007ffeeb540000 - 0x00007ffeeb595000 	C:\WINDOWS\System32\shlwapi.dll
0x00007ffee96f0000 - 0x00007ffee970f000 	C:\WINDOWS\SYSTEM32\profapi.dll
0x00007ffedb4c0000 - 0x00007ffedb4da000 	C:\Program Files\Android\Android Studio\jre\bin\net.dll
0x00007ffede5c0000 - 0x00007ffede6ca000 	C:\WINDOWS\SYSTEM32\WINHTTP.dll
0x00007ffee8eb0000 - 0x00007ffee8f1a000 	C:\WINDOWS\system32\mswsock.dll
0x00007ffed9d90000 - 0x00007ffed9da4000 	C:\Program Files\Android\Android Studio\jre\bin\nio.dll
0x00007ffecdd60000 - 0x00007ffecdd87000 	D:\Junaid\Clg_19402\6th_sem\CPE\Project\NavigationDrawerSettings\native\e1d6ef7f7dcc3fd88c89a11ec53ec762bb8ba0a96d01ffa2cd45eb1d1d8dd5c5\windows-amd64\native-platform.dll
0x00007ffebb1d0000 - 0x00007ffebb314000 	D:\Junaid\Clg_19402\6th_sem\CPE\Project\NavigationDrawerSettings\native\5664cfc778a61ccfe75a443a1ab52a65af34e5dc3c78e0209fed803814484fcb\windows-amd64\native-platform-file-events.dll
0x00007ffee4690000 - 0x00007ffee469a000 	C:\Program Files\Android\Android Studio\jre\bin\management.dll
0x00007ffee3090000 - 0x00007ffee309d000 	C:\Program Files\Android\Android Studio\jre\bin\management_ext.dll
0x00007ffee90a0000 - 0x00007ffee90b8000 	C:\WINDOWS\SYSTEM32\CRYPTSP.dll
0x00007ffee8830000 - 0x00007ffee8864000 	C:\WINDOWS\system32\rsaenh.dll
0x00007ffee9f20000 - 0x00007ffee9f47000 	C:\WINDOWS\System32\bcrypt.dll
0x00007ffee9600000 - 0x00007ffee962e000 	C:\WINDOWS\SYSTEM32\USERENV.dll
0x00007ffee90c0000 - 0x00007ffee90cc000 	C:\WINDOWS\SYSTEM32\CRYPTBASE.dll
0x00007ffee8ba0000 - 0x00007ffee8bdb000 	C:\WINDOWS\SYSTEM32\IPHLPAPI.DLL
0x00007ffeea6f0000 - 0x00007ffeea6f8000 	C:\WINDOWS\System32\NSI.dll
0x00007ffee1ae0000 - 0x00007ffee1af7000 	C:\WINDOWS\SYSTEM32\dhcpcsvc6.DLL
0x00007ffee1be0000 - 0x00007ffee1bfd000 	C:\WINDOWS\SYSTEM32\dhcpcsvc.DLL
0x00007ffee8be0000 - 0x00007ffee8cab000 	C:\WINDOWS\SYSTEM32\DNSAPI.dll
0x00007ffed4bf0000 - 0x00007ffed4c17000 	C:\Program Files\Android\Android Studio\jre\bin\sunec.dll
0x00007ffee84c0000 - 0x00007ffee84f3000 	C:\WINDOWS\SYSTEM32\ntmarta.dll

dbghelp: loaded successfully - version: 4.0.5 - missing functions: none
symbol engine: initialized successfully - sym options: 0x614 - pdb path: .;C:\Program Files\Android\Android Studio\jre\bin;C:\WINDOWS\SYSTEM32;C:\WINDOWS\WinSxS\amd64_microsoft.windows.common-controls_6595b64144ccf1df_6.0.19041.1110_none_60b5254171f9507e;C:\Program Files\Android\Android Studio\jre\bin\server;D:\Junaid\Clg_19402\6th_sem\CPE\Project\NavigationDrawerSettings\native\e1d6ef7f7dcc3fd88c89a11ec53ec762bb8ba0a96d01ffa2cd45eb1d1d8dd5c5\windows-amd64;D:\Junaid\Clg_19402\6th_sem\CPE\Project\NavigationDrawerSettings\native\5664cfc778a61ccfe75a443a1ab52a65af34e5dc3c78e0209fed803814484fcb\windows-amd64

VM Arguments:
jvm_args: --add-opens=java.base/java.util=ALL-UNNAMED --add-opens=java.base/java.lang=ALL-UNNAMED --add-opens=java.base/java.lang.invoke=ALL-UNNAMED --add-opens=java.base/java.util=ALL-UNNAMED --add-opens=java.prefs/java.util.prefs=ALL-UNNAMED --add-opens=java.prefs/java.util.prefs=ALL-UNNAMED --add-opens=java.base/java.nio.charset=ALL-UNNAMED --add-opens=java.base/java.net=ALL-UNNAMED --add-opens=java.base/java.util.concurrent.atomic=ALL-UNNAMED -Xmx2048m -Dfile.encoding=UTF-8 -Duser.country=US -Duser.language=en -Duser.variant 
java_command: org.gradle.launcher.daemon.bootstrap.GradleDaemon 7.2
java_class_path (initial): D:\Junaid\Clg_19402\6th_sem\CPE\Project\NavigationDrawerSettings\wrapper\dists\gradle-7.2-bin\2dnblmf4td7x66yl1d74lt32g\gradle-7.2\lib\gradle-launcher-7.2.jar
Launcher Type: SUN_STANDARD

[Global flags]
     intx CICompilerCount                          = 3                                         {product} {ergonomic}
     uint ConcGCThreads                            = 1                                         {product} {ergonomic}
     uint G1ConcRefinementThreads                  = 4                                         {product} {ergonomic}
   size_t G1HeapRegionSize                         = 1048576                                   {product} {ergonomic}
    uintx GCDrainStackTargetSize                   = 64                                        {product} {ergonomic}
   size_t InitialHeapSize                          = 134217728                                 {product} {ergonomic}
   size_t MarkStackSize                            = 4194304                                   {product} {ergonomic}
   size_t MaxHeapSize                              = 2147483648                                {product} {command line}
   size_t MaxNewSize                               = 1287651328                                {product} {ergonomic}
   size_t MinHeapDeltaBytes                        = 1048576                                   {product} {ergonomic}
    uintx NonNMethodCodeHeapSize                   = 5830732                                {pd product} {ergonomic}
    uintx NonProfiledCodeHeapSize                  = 122913754                              {pd product} {ergonomic}
    uintx ProfiledCodeHeapSize                     = 122913754                              {pd product} {ergonomic}
    uintx ReservedCodeCacheSize                    = 251658240                              {pd product} {ergonomic}
     bool SegmentedCodeCache                       = true                                      {product} {ergonomic}
     bool UseCompressedClassPointers               = true                                 {lp64_product} {ergonomic}
     bool UseCompressedOops                        = true                                 {lp64_product} {ergonomic}
     bool UseG1GC                                  = true                                      {product} {ergonomic}
     bool UseLargePagesIndividualAllocation        = false                                  {pd product} {ergonomic}

Logging:
Log output configuration:
 #0: stdout all=warning uptime,level,tags
 #1: stderr all=off uptime,level,tags

Environment Variables:
PATH=C:\Program Files\Common Files\Oracle\Java\javapath;C:\Program Files (x86)\Common Files\Oracle\Java\javapath;C:\WINDOWS\system32;C:\WINDOWS;C:\WINDOWS\System32\Wbem;C:\WINDOWS\System32\WindowsPowerShell\v1.0\;C:\WINDOWS\System32\OpenSSH\;C:\Program Files\Java\jdk1.8.0_291\bin;C:\Users\User\AppData\Local\Programs\Python\Python310\Scripts\;C:\Users\User\AppData\Local\Programs\Python\Python310\;C:\Users\User\AppData\Local\Microsoft\WindowsApps;;C:\Users\User\AppData\Local\Programs\Microsoft VS Code\bin;C:\Program Files\JetBrains\PyCharm Community Edition 2021.3.2\bin;
USERNAME=User
OS=Windows_NT
PROCESSOR_IDENTIFIER=Intel64 Family 6 Model 69 Stepping 1, GenuineIntel



---------------  S Y S T E M  ---------------

OS: Windows 10 , 64 bit Build 19041 (10.0.19041.1645)
OS uptime: 4 days 1:15 hours

CPU:total 4 (initial active 4) (2 cores per cpu, 2 threads per core) family 6 model 69 stepping 1 microcode 0x25, cmov, cx8, fxsr, mmx, sse, sse2, sse3, ssse3, sse4.1, sse4.2, popcnt, avx, avx2, aes, clmul, erms, lzcnt, ht, tsc, tscinvbit, bmi1, bmi2, fma

Memory: 4k page, system-wide physical 8072M (2174M free)
TotalPageFile size 9938M (AvailPageFile size 3680M)
current process WorkingSet (physical memory assigned to process): 613M, peak: 629M
current process commit charge ("private bytes"): 640M, peak: 657M

vm_info: OpenJDK 64-Bit Server VM (11.0.11+9-b60-7590822) for windows-amd64 JRE (11.0.11+9-b60-7590822), built on Jul 29 2021 21:43:44 by "builder" with MS VC++ 14.0 (VS2015)

END.
